nohup: ignoring input
Using cuda device
SACPolicy(
  (actor): Actor(
    (features_extractor): FlattenExtractor(
      (flatten): Flatten(start_dim=1, end_dim=-1)
    )
    (latent_pi): Sequential(
      (0): Linear(in_features=17, out_features=256, bias=True)
      (1): ReLU()
      (2): Linear(in_features=256, out_features=256, bias=True)
      (3): ReLU()
    )
    (mu): Linear(in_features=256, out_features=6, bias=True)
    (log_std): Linear(in_features=256, out_features=6, bias=True)
  )
  (critic): ContinuousCritic(
    (features_extractor): FlattenExtractor(
      (flatten): Flatten(start_dim=1, end_dim=-1)
    )
    (qf0): Sequential(
      (0): Linear(in_features=23, out_features=256, bias=True)
      (1): ReLU()
      (2): Linear(in_features=256, out_features=256, bias=True)
      (3): ReLU()
      (4): Linear(in_features=256, out_features=1, bias=True)
    )
    (qf1): Sequential(
      (0): Linear(in_features=23, out_features=256, bias=True)
      (1): ReLU()
      (2): Linear(in_features=256, out_features=256, bias=True)
      (3): ReLU()
      (4): Linear(in_features=256, out_features=1, bias=True)
    )
  )
  (critic_target): ContinuousCritic(
    (features_extractor): FlattenExtractor(
      (flatten): Flatten(start_dim=1, end_dim=-1)
    )
    (qf0): Sequential(
      (0): Linear(in_features=23, out_features=256, bias=True)
      (1): ReLU()
      (2): Linear(in_features=256, out_features=256, bias=True)
      (3): ReLU()
      (4): Linear(in_features=256, out_features=1, bias=True)
    )
    (qf1): Sequential(
      (0): Linear(in_features=23, out_features=256, bias=True)
      (1): ReLU()
      (2): Linear(in_features=256, out_features=256, bias=True)
      (3): ReLU()
      (4): Linear(in_features=256, out_features=1, bias=True)
    )
  )
)
Logging to ./ckp/log/HalfCheetah-v3_sac/SAC_1
---------------------------------
| time/              |          |
|    episodes        | 4        |
|    fps             | 118      |
|    time_elapsed    | 33       |
|    total_timesteps | 4000     |
| train/             |          |
|    actor_loss      | -32.7    |
|    critic_loss     | 1.68     |
|    ent_coef        | 0.316    |
|    ent_coef_loss   | -10.2    |
|    learning_rate   | 0.0003   |
|    n_updates       | 3899     |
---------------------------------
---------------------------------
| time/              |          |
|    episodes        | 8        |
|    fps             | 113      |
|    time_elapsed    | 70       |
|    total_timesteps | 8000     |
| train/             |          |
|    actor_loss      | -27.8    |
|    critic_loss     | 1.15     |
|    ent_coef        | 0.101    |
|    ent_coef_loss   | -16.8    |
|    learning_rate   | 0.0003   |
|    n_updates       | 7899     |
---------------------------------
---------------------------------
| time/              |          |
|    episodes        | 12       |
|    fps             | 120      |
|    time_elapsed    | 99       |
|    total_timesteps | 12000    |
| train/             |          |
|    actor_loss      | -18.5    |
|    critic_loss     | 0.806    |
|    ent_coef        | 0.0346   |
|    ent_coef_loss   | -15.2    |
|    learning_rate   | 0.0003   |
|    n_updates       | 11899    |
---------------------------------
---------------------------------
| time/              |          |
|    episodes        | 16       |
|    fps             | 133      |
|    time_elapsed    | 120      |
|    total_timesteps | 16000    |
| train/             |          |
|    actor_loss      | -10      |
|    critic_loss     | 0.822    |
|    ent_coef        | 0.0134   |
|    ent_coef_loss   | -6.15    |
|    learning_rate   | 0.0003   |
|    n_updates       | 15899    |
---------------------------------
---------------------------------
| time/              |          |
|    episodes        | 20       |
|    fps             | 143      |
|    time_elapsed    | 139      |
|    total_timesteps | 20000    |
| train/             |          |
|    actor_loss      | -5.31    |
|    critic_loss     | 1.07     |
|    ent_coef        | 0.00743  |
|    ent_coef_loss   | 1.7      |
|    learning_rate   | 0.0003   |
|    n_updates       | 19899    |
---------------------------------
---------------------------------
| time/              |          |
|    episodes        | 24       |
|    fps             | 157      |
|    time_elapsed    | 152      |
|    total_timesteps | 24000    |
| train/             |          |
|    actor_loss      | -3.01    |
|    critic_loss     | 0.952    |
|    ent_coef        | 0.00559  |
|    ent_coef_loss   | -0.729   |
|    learning_rate   | 0.0003   |
|    n_updates       | 23899    |
---------------------------------
---------------------------------
| time/              |          |
|    episodes        | 28       |
|    fps             | 170      |
|    time_elapsed    | 164      |
|    total_timesteps | 28000    |
| train/             |          |
|    actor_loss      | -2.79    |
|    critic_loss     | 0.963    |
|    ent_coef        | 0.0071   |
|    ent_coef_loss   | 3.64     |
|    learning_rate   | 0.0003   |
|    n_updates       | 27899    |
---------------------------------
---------------------------------
| time/              |          |
|    episodes        | 32       |
|    fps             | 176      |
|    time_elapsed    | 181      |
|    total_timesteps | 32000    |
| train/             |          |
|    actor_loss      | -5.93    |
|    critic_loss     | 1.69     |
|    ent_coef        | 0.0148   |
|    ent_coef_loss   | 1.41     |
|    learning_rate   | 0.0003   |
|    n_updates       | 31899    |
---------------------------------
---------------------------------
| time/              |          |
|    episodes        | 36       |
|    fps             | 167      |
|    time_elapsed    | 214      |
|    total_timesteps | 36000    |
| train/             |          |
|    actor_loss      | -15.3    |
|    critic_loss     | 2.67     |
|    ent_coef        | 0.0244   |
|    ent_coef_loss   | -0.334   |
|    learning_rate   | 0.0003   |
|    n_updates       | 35899    |
---------------------------------
---------------------------------
| time/              |          |
|    episodes        | 40       |
|    fps             | 160      |
|    time_elapsed    | 248      |
|    total_timesteps | 40000    |
| train/             |          |
|    actor_loss      | -28.3    |
|    critic_loss     | 3.9      |
|    ent_coef        | 0.0355   |
|    ent_coef_loss   | 0.848    |
|    learning_rate   | 0.0003   |
|    n_updates       | 39899    |
---------------------------------
---------------------------------
| time/              |          |
|    episodes        | 44       |
|    fps             | 153      |
|    time_elapsed    | 287      |
|    total_timesteps | 44000    |
| train/             |          |
|    actor_loss      | -42.5    |
|    critic_loss     | 4.19     |
|    ent_coef        | 0.0459   |
|    ent_coef_loss   | 0.209    |
|    learning_rate   | 0.0003   |
|    n_updates       | 43899    |
---------------------------------
---------------------------------
| time/              |          |
|    episodes        | 48       |
|    fps             | 147      |
|    time_elapsed    | 326      |
|    total_timesteps | 48000    |
| train/             |          |
|    actor_loss      | -52.2    |
|    critic_loss     | 4.64     |
|    ent_coef        | 0.0518   |
|    ent_coef_loss   | -1.92    |
|    learning_rate   | 0.0003   |
|    n_updates       | 47899    |
---------------------------------
---------------------------------
| time/              |          |
|    episodes        | 52       |
|    fps             | 142      |
|    time_elapsed    | 364      |
|    total_timesteps | 52000    |
| train/             |          |
|    actor_loss      | -69.3    |
|    critic_loss     | 5.45     |
|    ent_coef        | 0.0567   |
|    ent_coef_loss   | 0.363    |
|    learning_rate   | 0.0003   |
|    n_updates       | 51899    |
---------------------------------
---------------------------------
| time/              |          |
|    episodes        | 56       |
|    fps             | 140      |
|    time_elapsed    | 398      |
|    total_timesteps | 56000    |
| train/             |          |
|    actor_loss      | -80.3    |
|    critic_loss     | 5.55     |
|    ent_coef        | 0.0614   |
|    ent_coef_loss   | -1.04    |
|    learning_rate   | 0.0003   |
|    n_updates       | 55899    |
---------------------------------
---------------------------------
| time/              |          |
|    episodes        | 60       |
|    fps             | 139      |
|    time_elapsed    | 429      |
|    total_timesteps | 60000    |
| train/             |          |
|    actor_loss      | -95.7    |
|    critic_loss     | 6.32     |
|    ent_coef        | 0.0652   |
|    ent_coef_loss   | 1.94     |
|    learning_rate   | 0.0003   |
|    n_updates       | 59899    |
---------------------------------
---------------------------------
| time/              |          |
|    episodes        | 64       |
|    fps             | 138      |
|    time_elapsed    | 461      |
|    total_timesteps | 64000    |
| train/             |          |
|    actor_loss      | -104     |
|    critic_loss     | 8.09     |
|    ent_coef        | 0.0676   |
|    ent_coef_loss   | 2.05     |
|    learning_rate   | 0.0003   |
|    n_updates       | 63899    |
---------------------------------
---------------------------------
| time/              |          |
|    episodes        | 68       |
|    fps             | 137      |
|    time_elapsed    | 494      |
|    total_timesteps | 68000    |
| train/             |          |
|    actor_loss      | -110     |
|    critic_loss     | 7.07     |
|    ent_coef        | 0.0689   |
|    ent_coef_loss   | -0.204   |
|    learning_rate   | 0.0003   |
|    n_updates       | 67899    |
---------------------------------
---------------------------------
| time/              |          |
|    episodes        | 72       |
|    fps             | 136      |
|    time_elapsed    | 526      |
|    total_timesteps | 72000    |
| train/             |          |
|    actor_loss      | -127     |
|    critic_loss     | 7.27     |
|    ent_coef        | 0.0724   |
|    ent_coef_loss   | 0.269    |
|    learning_rate   | 0.0003   |
|    n_updates       | 71899    |
---------------------------------
---------------------------------
| time/              |          |
|    episodes        | 76       |
|    fps             | 139      |
|    time_elapsed    | 543      |
|    total_timesteps | 76000    |
| train/             |          |
|    actor_loss      | -132     |
|    critic_loss     | 8.56     |
|    ent_coef        | 0.0742   |
|    ent_coef_loss   | 0.282    |
|    learning_rate   | 0.0003   |
|    n_updates       | 75899    |
---------------------------------
---------------------------------
| time/              |          |
|    episodes        | 80       |
|    fps             | 144      |
|    time_elapsed    | 555      |
|    total_timesteps | 80000    |
| train/             |          |
|    actor_loss      | -135     |
|    critic_loss     | 8.12     |
|    ent_coef        | 0.0797   |
|    ent_coef_loss   | -0.187   |
|    learning_rate   | 0.0003   |
|    n_updates       | 79899    |
---------------------------------
---------------------------------
| time/              |          |
|    episodes        | 84       |
|    fps             | 147      |
|    time_elapsed    | 567      |
|    total_timesteps | 84000    |
| train/             |          |
|    actor_loss      | -146     |
|    critic_loss     | 9.34     |
|    ent_coef        | 0.0832   |
|    ent_coef_loss   | -0.066   |
|    learning_rate   | 0.0003   |
|    n_updates       | 83899    |
---------------------------------
---------------------------------
| time/              |          |
|    episodes        | 88       |
|    fps             | 151      |
|    time_elapsed    | 580      |
|    total_timesteps | 88000    |
| train/             |          |
|    actor_loss      | -156     |
|    critic_loss     | 6.62     |
|    ent_coef        | 0.086    |
|    ent_coef_loss   | 0.504    |
|    learning_rate   | 0.0003   |
|    n_updates       | 87899    |
---------------------------------
---------------------------------
| time/              |          |
|    episodes        | 92       |
|    fps             | 152      |
|    time_elapsed    | 604      |
|    total_timesteps | 92000    |
| train/             |          |
|    actor_loss      | -161     |
|    critic_loss     | 8.99     |
|    ent_coef        | 0.0901   |
|    ent_coef_loss   | -0.882   |
|    learning_rate   | 0.0003   |
|    n_updates       | 91899    |
---------------------------------
---------------------------------
| time/              |          |
|    episodes        | 96       |
|    fps             | 149      |
|    time_elapsed    | 640      |
|    total_timesteps | 96000    |
| train/             |          |
|    actor_loss      | -180     |
|    critic_loss     | 9.81     |
|    ent_coef        | 0.0928   |
|    ent_coef_loss   | 0.926    |
|    learning_rate   | 0.0003   |
|    n_updates       | 95899    |
---------------------------------
---------------------------------
| time/              |          |
|    episodes        | 100      |
|    fps             | 148      |
|    time_elapsed    | 674      |
|    total_timesteps | 100000   |
| train/             |          |
|    actor_loss      | -191     |
|    critic_loss     | 11.9     |
|    ent_coef        | 0.0954   |
|    ent_coef_loss   | -0.223   |
|    learning_rate   | 0.0003   |
|    n_updates       | 99899    |
---------------------------------
---------------------------------
| time/              |          |
|    episodes        | 104      |
|    fps             | 146      |
|    time_elapsed    | 707      |
|    total_timesteps | 104000   |
| train/             |          |
|    actor_loss      | -191     |
|    critic_loss     | 8        |
|    ent_coef        | 0.0977   |
|    ent_coef_loss   | 0.23     |
|    learning_rate   | 0.0003   |
|    n_updates       | 103899   |
---------------------------------
---------------------------------
| time/              |          |
|    episodes        | 108      |
|    fps             | 144      |
|    time_elapsed    | 746      |
|    total_timesteps | 108000   |
| train/             |          |
|    actor_loss      | -198     |
|    critic_loss     | 7.61     |
|    ent_coef        | 0.0997   |
|    ent_coef_loss   | -0.026   |
|    learning_rate   | 0.0003   |
|    n_updates       | 107899   |
---------------------------------
---------------------------------
| time/              |          |
|    episodes        | 112      |
|    fps             | 145      |
|    time_elapsed    | 771      |
|    total_timesteps | 112000   |
| train/             |          |
|    actor_loss      | -208     |
|    critic_loss     | 5.9      |
|    ent_coef        | 0.103    |
|    ent_coef_loss   | 1.12     |
|    learning_rate   | 0.0003   |
|    n_updates       | 111899   |
---------------------------------
---------------------------------
| time/              |          |
|    episodes        | 116      |
|    fps             | 147      |
|    time_elapsed    | 783      |
|    total_timesteps | 116000   |
| train/             |          |
|    actor_loss      | -211     |
|    critic_loss     | 8.07     |
|    ent_coef        | 0.103    |
|    ent_coef_loss   | 0.203    |
|    learning_rate   | 0.0003   |
|    n_updates       | 115899   |
---------------------------------
---------------------------------
| time/              |          |
|    episodes        | 120      |
|    fps             | 150      |
|    time_elapsed    | 797      |
|    total_timesteps | 120000   |
| train/             |          |
|    actor_loss      | -216     |
|    critic_loss     | 7.51     |
|    ent_coef        | 0.103    |
|    ent_coef_loss   | 0.117    |
|    learning_rate   | 0.0003   |
|    n_updates       | 119899   |
---------------------------------
---------------------------------
| time/              |          |
|    episodes        | 124      |
|    fps             | 150      |
|    time_elapsed    | 822      |
|    total_timesteps | 124000   |
| train/             |          |
|    actor_loss      | -212     |
|    critic_loss     | 6.87     |
|    ent_coef        | 0.105    |
|    ent_coef_loss   | 1.2      |
|    learning_rate   | 0.0003   |
|    n_updates       | 123899   |
---------------------------------
---------------------------------
| time/              |          |
|    episodes        | 128      |
|    fps             | 150      |
|    time_elapsed    | 848      |
|    total_timesteps | 128000   |
| train/             |          |
|    actor_loss      | -223     |
|    critic_loss     | 6.43     |
|    ent_coef        | 0.11     |
|    ent_coef_loss   | -0.517   |
|    learning_rate   | 0.0003   |
|    n_updates       | 127899   |
---------------------------------
---------------------------------
| time/              |          |
|    episodes        | 132      |
|    fps             | 150      |
|    time_elapsed    | 875      |
|    total_timesteps | 132000   |
| train/             |          |
|    actor_loss      | -218     |
|    critic_loss     | 7.48     |
|    ent_coef        | 0.109    |
|    ent_coef_loss   | -0.0552  |
|    learning_rate   | 0.0003   |
|    n_updates       | 131899   |
---------------------------------
---------------------------------
| time/              |          |
|    episodes        | 136      |
|    fps             | 149      |
|    time_elapsed    | 908      |
|    total_timesteps | 136000   |
| train/             |          |
|    actor_loss      | -230     |
|    critic_loss     | 7.2      |
|    ent_coef        | 0.11     |
|    ent_coef_loss   | -0.087   |
|    learning_rate   | 0.0003   |
|    n_updates       | 135899   |
---------------------------------
---------------------------------
| time/              |          |
|    episodes        | 140      |
|    fps             | 148      |
|    time_elapsed    | 942      |
|    total_timesteps | 140000   |
| train/             |          |
|    actor_loss      | -243     |
|    critic_loss     | 7.73     |
|    ent_coef        | 0.113    |
|    ent_coef_loss   | 2.53     |
|    learning_rate   | 0.0003   |
|    n_updates       | 139899   |
---------------------------------
---------------------------------
| time/              |          |
|    episodes        | 144      |
|    fps             | 147      |
|    time_elapsed    | 973      |
|    total_timesteps | 144000   |
| train/             |          |
|    actor_loss      | -245     |
|    critic_loss     | 6.62     |
|    ent_coef        | 0.114    |
|    ent_coef_loss   | 0.641    |
|    learning_rate   | 0.0003   |
|    n_updates       | 143899   |
---------------------------------
---------------------------------
| time/              |          |
|    episodes        | 148      |
|    fps             | 148      |
|    time_elapsed    | 994      |
|    total_timesteps | 148000   |
| train/             |          |
|    actor_loss      | -239     |
|    critic_loss     | 8.92     |
|    ent_coef        | 0.115    |
|    ent_coef_loss   | 0.55     |
|    learning_rate   | 0.0003   |
|    n_updates       | 147899   |
---------------------------------
---------------------------------
| time/              |          |
|    episodes        | 152      |
|    fps             | 149      |
|    time_elapsed    | 1015     |
|    total_timesteps | 152000   |
| train/             |          |
|    actor_loss      | -253     |
|    critic_loss     | 6.72     |
|    ent_coef        | 0.119    |
|    ent_coef_loss   | 0.299    |
|    learning_rate   | 0.0003   |
|    n_updates       | 151899   |
---------------------------------
---------------------------------
| time/              |          |
|    episodes        | 156      |
|    fps             | 149      |
|    time_elapsed    | 1041     |
|    total_timesteps | 156000   |
| train/             |          |
|    actor_loss      | -243     |
|    critic_loss     | 6.71     |
|    ent_coef        | 0.119    |
|    ent_coef_loss   | -0.546   |
|    learning_rate   | 0.0003   |
|    n_updates       | 155899   |
---------------------------------
---------------------------------
| time/              |          |
|    episodes        | 160      |
|    fps             | 149      |
|    time_elapsed    | 1073     |
|    total_timesteps | 160000   |
| train/             |          |
|    actor_loss      | -248     |
|    critic_loss     | 7.9      |
|    ent_coef        | 0.122    |
|    ent_coef_loss   | 0.0331   |
|    learning_rate   | 0.0003   |
|    n_updates       | 159899   |
---------------------------------
---------------------------------
| time/              |          |
|    episodes        | 164      |
|    fps             | 148      |
|    time_elapsed    | 1104     |
|    total_timesteps | 164000   |
| train/             |          |
|    actor_loss      | -253     |
|    critic_loss     | 7.06     |
|    ent_coef        | 0.124    |
|    ent_coef_loss   | 0.015    |
|    learning_rate   | 0.0003   |
|    n_updates       | 163899   |
---------------------------------
---------------------------------
| time/              |          |
|    episodes        | 168      |
|    fps             | 147      |
|    time_elapsed    | 1138     |
|    total_timesteps | 168000   |
| train/             |          |
|    actor_loss      | -245     |
|    critic_loss     | 6        |
|    ent_coef        | 0.125    |
|    ent_coef_loss   | -0.998   |
|    learning_rate   | 0.0003   |
|    n_updates       | 167899   |
---------------------------------
---------------------------------
| time/              |          |
|    episodes        | 172      |
|    fps             | 146      |
|    time_elapsed    | 1175     |
|    total_timesteps | 172000   |
| train/             |          |
|    actor_loss      | -262     |
|    critic_loss     | 5.93     |
|    ent_coef        | 0.125    |
|    ent_coef_loss   | 0.257    |
|    learning_rate   | 0.0003   |
|    n_updates       | 171899   |
---------------------------------
---------------------------------
| time/              |          |
|    episodes        | 176      |
|    fps             | 145      |
|    time_elapsed    | 1206     |
|    total_timesteps | 176000   |
| train/             |          |
|    actor_loss      | -256     |
|    critic_loss     | 6.41     |
|    ent_coef        | 0.127    |
|    ent_coef_loss   | -0.322   |
|    learning_rate   | 0.0003   |
|    n_updates       | 175899   |
---------------------------------
---------------------------------
| time/              |          |
|    episodes        | 180      |
|    fps             | 146      |
|    time_elapsed    | 1232     |
|    total_timesteps | 180000   |
| train/             |          |
|    actor_loss      | -273     |
|    critic_loss     | 5.89     |
|    ent_coef        | 0.128    |
|    ent_coef_loss   | 0.232    |
|    learning_rate   | 0.0003   |
|    n_updates       | 179899   |
---------------------------------
---------------------------------
| time/              |          |
|    episodes        | 184      |
|    fps             | 145      |
|    time_elapsed    | 1264     |
|    total_timesteps | 184000   |
| train/             |          |
|    actor_loss      | -272     |
|    critic_loss     | 5.04     |
|    ent_coef        | 0.131    |
|    ent_coef_loss   | -0.848   |
|    learning_rate   | 0.0003   |
|    n_updates       | 183899   |
---------------------------------
---------------------------------
| time/              |          |
|    episodes        | 188      |
|    fps             | 144      |
|    time_elapsed    | 1297     |
|    total_timesteps | 188000   |
| train/             |          |
|    actor_loss      | -272     |
|    critic_loss     | 6.48     |
|    ent_coef        | 0.134    |
|    ent_coef_loss   | 0.648    |
|    learning_rate   | 0.0003   |
|    n_updates       | 187899   |
---------------------------------
---------------------------------
| time/              |          |
|    episodes        | 192      |
|    fps             | 143      |
|    time_elapsed    | 1336     |
|    total_timesteps | 192000   |
| train/             |          |
|    actor_loss      | -287     |
|    critic_loss     | 5.04     |
|    ent_coef        | 0.136    |
|    ent_coef_loss   | -0.507   |
|    learning_rate   | 0.0003   |
|    n_updates       | 191899   |
---------------------------------
---------------------------------
| time/              |          |
|    episodes        | 196      |
|    fps             | 142      |
|    time_elapsed    | 1374     |
|    total_timesteps | 196000   |
| train/             |          |
|    actor_loss      | -278     |
|    critic_loss     | 5.01     |
|    ent_coef        | 0.138    |
|    ent_coef_loss   | -0.219   |
|    learning_rate   | 0.0003   |
|    n_updates       | 195899   |
---------------------------------
---------------------------------
| time/              |          |
|    episodes        | 200      |
|    fps             | 142      |
|    time_elapsed    | 1399     |
|    total_timesteps | 200000   |
| train/             |          |
|    actor_loss      | -289     |
|    critic_loss     | 4.95     |
|    ent_coef        | 0.139    |
|    ent_coef_loss   | -0.119   |
|    learning_rate   | 0.0003   |
|    n_updates       | 199899   |
---------------------------------
---------------------------------
| time/              |          |
|    episodes        | 204      |
|    fps             | 144      |
|    time_elapsed    | 1411     |
|    total_timesteps | 204000   |
| train/             |          |
|    actor_loss      | -285     |
|    critic_loss     | 6.39     |
|    ent_coef        | 0.143    |
|    ent_coef_loss   | -0.157   |
|    learning_rate   | 0.0003   |
|    n_updates       | 203899   |
---------------------------------
---------------------------------
| time/              |          |
|    episodes        | 208      |
|    fps             | 146      |
|    time_elapsed    | 1424     |
|    total_timesteps | 208000   |
| train/             |          |
|    actor_loss      | -293     |
|    critic_loss     | 5.95     |
|    ent_coef        | 0.14     |
|    ent_coef_loss   | 0.308    |
|    learning_rate   | 0.0003   |
|    n_updates       | 207899   |
---------------------------------
---------------------------------
| time/              |          |
|    episodes        | 212      |
|    fps             | 147      |
|    time_elapsed    | 1439     |
|    total_timesteps | 212000   |
| train/             |          |
|    actor_loss      | -296     |
|    critic_loss     | 5.74     |
|    ent_coef        | 0.14     |
|    ent_coef_loss   | 0.671    |
|    learning_rate   | 0.0003   |
|    n_updates       | 211899   |
---------------------------------
---------------------------------
| time/              |          |
|    episodes        | 216      |
|    fps             | 147      |
|    time_elapsed    | 1465     |
|    total_timesteps | 216000   |
| train/             |          |
|    actor_loss      | -299     |
|    critic_loss     | 4.73     |
|    ent_coef        | 0.142    |
|    ent_coef_loss   | 0.031    |
|    learning_rate   | 0.0003   |
|    n_updates       | 215899   |
---------------------------------
---------------------------------
| time/              |          |
|    episodes        | 220      |
|    fps             | 147      |
|    time_elapsed    | 1491     |
|    total_timesteps | 220000   |
| train/             |          |
|    actor_loss      | -296     |
|    critic_loss     | 6.46     |
|    ent_coef        | 0.141    |
|    ent_coef_loss   | -0.145   |
|    learning_rate   | 0.0003   |
|    n_updates       | 219899   |
---------------------------------
---------------------------------
| time/              |          |
|    episodes        | 224      |
|    fps             | 148      |
|    time_elapsed    | 1512     |
|    total_timesteps | 224000   |
| train/             |          |
|    actor_loss      | -299     |
|    critic_loss     | 7.05     |
|    ent_coef        | 0.142    |
|    ent_coef_loss   | -0.503   |
|    learning_rate   | 0.0003   |
|    n_updates       | 223899   |
---------------------------------
---------------------------------
| time/              |          |
|    episodes        | 228      |
|    fps             | 149      |
|    time_elapsed    | 1524     |
|    total_timesteps | 228000   |
| train/             |          |
|    actor_loss      | -306     |
|    critic_loss     | 5.35     |
|    ent_coef        | 0.142    |
|    ent_coef_loss   | 0.707    |
|    learning_rate   | 0.0003   |
|    n_updates       | 227899   |
---------------------------------
---------------------------------
| time/              |          |
|    episodes        | 232      |
|    fps             | 150      |
|    time_elapsed    | 1537     |
|    total_timesteps | 232000   |
| train/             |          |
|    actor_loss      | -297     |
|    critic_loss     | 5.16     |
|    ent_coef        | 0.144    |
|    ent_coef_loss   | 0.607    |
|    learning_rate   | 0.0003   |
|    n_updates       | 231899   |
---------------------------------
---------------------------------
| time/              |          |
|    episodes        | 236      |
|    fps             | 151      |
|    time_elapsed    | 1553     |
|    total_timesteps | 236000   |
| train/             |          |
|    actor_loss      | -311     |
|    critic_loss     | 7.28     |
|    ent_coef        | 0.144    |
|    ent_coef_loss   | 0.639    |
|    learning_rate   | 0.0003   |
|    n_updates       | 235899   |
---------------------------------
---------------------------------
| time/              |          |
|    episodes        | 240      |
|    fps             | 153      |
|    time_elapsed    | 1565     |
|    total_timesteps | 240000   |
| train/             |          |
|    actor_loss      | -308     |
|    critic_loss     | 5.78     |
|    ent_coef        | 0.145    |
|    ent_coef_loss   | -0.557   |
|    learning_rate   | 0.0003   |
|    n_updates       | 239899   |
---------------------------------
---------------------------------
| time/              |          |
|    episodes        | 244      |
|    fps             | 154      |
|    time_elapsed    | 1578     |
|    total_timesteps | 244000   |
| train/             |          |
|    actor_loss      | -313     |
|    critic_loss     | 5.52     |
|    ent_coef        | 0.145    |
|    ent_coef_loss   | -0.915   |
|    learning_rate   | 0.0003   |
|    n_updates       | 243899   |
---------------------------------
---------------------------------
| time/              |          |
|    episodes        | 248      |
|    fps             | 155      |
|    time_elapsed    | 1590     |
|    total_timesteps | 248000   |
| train/             |          |
|    actor_loss      | -311     |
|    critic_loss     | 6.09     |
|    ent_coef        | 0.142    |
|    ent_coef_loss   | -0.706   |
|    learning_rate   | 0.0003   |
|    n_updates       | 247899   |
---------------------------------
---------------------------------
| time/              |          |
|    episodes        | 252      |
|    fps             | 157      |
|    time_elapsed    | 1603     |
|    total_timesteps | 252000   |
| train/             |          |
|    actor_loss      | -313     |
|    critic_loss     | 5.34     |
|    ent_coef        | 0.144    |
|    ent_coef_loss   | -0.129   |
|    learning_rate   | 0.0003   |
|    n_updates       | 251899   |
---------------------------------
---------------------------------
| time/              |          |
|    episodes        | 256      |
|    fps             | 158      |
|    time_elapsed    | 1615     |
|    total_timesteps | 256000   |
| train/             |          |
|    actor_loss      | -317     |
|    critic_loss     | 6.2      |
|    ent_coef        | 0.145    |
|    ent_coef_loss   | 0.0671   |
|    learning_rate   | 0.0003   |
|    n_updates       | 255899   |
---------------------------------
---------------------------------
| time/              |          |
|    episodes        | 260      |
|    fps             | 159      |
|    time_elapsed    | 1628     |
|    total_timesteps | 260000   |
| train/             |          |
|    actor_loss      | -328     |
|    critic_loss     | 5.73     |
|    ent_coef        | 0.145    |
|    ent_coef_loss   | 0.0154   |
|    learning_rate   | 0.0003   |
|    n_updates       | 259899   |
---------------------------------
---------------------------------
| time/              |          |
|    episodes        | 264      |
|    fps             | 160      |
|    time_elapsed    | 1640     |
|    total_timesteps | 264000   |
| train/             |          |
|    actor_loss      | -317     |
|    critic_loss     | 5.15     |
|    ent_coef        | 0.148    |
|    ent_coef_loss   | 0.364    |
|    learning_rate   | 0.0003   |
|    n_updates       | 263899   |
---------------------------------
---------------------------------
| time/              |          |
|    episodes        | 268      |
|    fps             | 162      |
|    time_elapsed    | 1652     |
|    total_timesteps | 268000   |
| train/             |          |
|    actor_loss      | -317     |
|    critic_loss     | 5.03     |
|    ent_coef        | 0.146    |
|    ent_coef_loss   | -0.48    |
|    learning_rate   | 0.0003   |
|    n_updates       | 267899   |
---------------------------------
---------------------------------
| time/              |          |
|    episodes        | 272      |
|    fps             | 163      |
|    time_elapsed    | 1665     |
|    total_timesteps | 272000   |
| train/             |          |
|    actor_loss      | -330     |
|    critic_loss     | 4.72     |
|    ent_coef        | 0.146    |
|    ent_coef_loss   | -0.691   |
|    learning_rate   | 0.0003   |
|    n_updates       | 271899   |
---------------------------------
---------------------------------
| time/              |          |
|    episodes        | 276      |
|    fps             | 164      |
|    time_elapsed    | 1677     |
|    total_timesteps | 276000   |
| train/             |          |
|    actor_loss      | -334     |
|    critic_loss     | 4.63     |
|    ent_coef        | 0.15     |
|    ent_coef_loss   | -0.0482  |
|    learning_rate   | 0.0003   |
|    n_updates       | 275899   |
---------------------------------
---------------------------------
| time/              |          |
|    episodes        | 280      |
|    fps             | 165      |
|    time_elapsed    | 1690     |
|    total_timesteps | 280000   |
| train/             |          |
|    actor_loss      | -332     |
|    critic_loss     | 5.1      |
|    ent_coef        | 0.149    |
|    ent_coef_loss   | -0.74    |
|    learning_rate   | 0.0003   |
|    n_updates       | 279899   |
---------------------------------
---------------------------------
| time/              |          |
|    episodes        | 284      |
|    fps             | 164      |
|    time_elapsed    | 1729     |
|    total_timesteps | 284000   |
| train/             |          |
|    actor_loss      | -344     |
|    critic_loss     | 5.46     |
|    ent_coef        | 0.15     |
|    ent_coef_loss   | 0.354    |
|    learning_rate   | 0.0003   |
|    n_updates       | 283899   |
---------------------------------
---------------------------------
| time/              |          |
|    episodes        | 288      |
|    fps             | 162      |
|    time_elapsed    | 1770     |
|    total_timesteps | 288000   |
| train/             |          |
|    actor_loss      | -333     |
|    critic_loss     | 4.67     |
|    ent_coef        | 0.152    |
|    ent_coef_loss   | 0.116    |
|    learning_rate   | 0.0003   |
|    n_updates       | 287899   |
---------------------------------
---------------------------------
| time/              |          |
|    episodes        | 292      |
|    fps             | 161      |
|    time_elapsed    | 1802     |
|    total_timesteps | 292000   |
| train/             |          |
|    actor_loss      | -342     |
|    critic_loss     | 3.9      |
|    ent_coef        | 0.149    |
|    ent_coef_loss   | 0.353    |
|    learning_rate   | 0.0003   |
|    n_updates       | 291899   |
---------------------------------
---------------------------------
| time/              |          |
|    episodes        | 296      |
|    fps             | 161      |
|    time_elapsed    | 1835     |
|    total_timesteps | 296000   |
| train/             |          |
|    actor_loss      | -341     |
|    critic_loss     | 4.11     |
|    ent_coef        | 0.15     |
|    ent_coef_loss   | -0.463   |
|    learning_rate   | 0.0003   |
|    n_updates       | 295899   |
---------------------------------
---------------------------------
| time/              |          |
|    episodes        | 300      |
|    fps             | 160      |
|    time_elapsed    | 1868     |
|    total_timesteps | 300000   |
| train/             |          |
|    actor_loss      | -345     |
|    critic_loss     | 6.3      |
|    ent_coef        | 0.151    |
|    ent_coef_loss   | 0.0254   |
|    learning_rate   | 0.0003   |
|    n_updates       | 299899   |
---------------------------------
---------------------------------
| time/              |          |
|    episodes        | 304      |
|    fps             | 159      |
|    time_elapsed    | 1900     |
|    total_timesteps | 304000   |
| train/             |          |
|    actor_loss      | -346     |
|    critic_loss     | 4.28     |
|    ent_coef        | 0.152    |
|    ent_coef_loss   | -0.0689  |
|    learning_rate   | 0.0003   |
|    n_updates       | 303899   |
---------------------------------
---------------------------------
| time/              |          |
|    episodes        | 308      |
|    fps             | 159      |
|    time_elapsed    | 1932     |
|    total_timesteps | 308000   |
| train/             |          |
|    actor_loss      | -347     |
|    critic_loss     | 4.9      |
|    ent_coef        | 0.155    |
|    ent_coef_loss   | -0.204   |
|    learning_rate   | 0.0003   |
|    n_updates       | 307899   |
---------------------------------
---------------------------------
| time/              |          |
|    episodes        | 312      |
|    fps             | 158      |
|    time_elapsed    | 1967     |
|    total_timesteps | 312000   |
| train/             |          |
|    actor_loss      | -353     |
|    critic_loss     | 5.65     |
|    ent_coef        | 0.153    |
|    ent_coef_loss   | -0.751   |
|    learning_rate   | 0.0003   |
|    n_updates       | 311899   |
---------------------------------
---------------------------------
| time/              |          |
|    episodes        | 316      |
|    fps             | 157      |
|    time_elapsed    | 2005     |
|    total_timesteps | 316000   |
| train/             |          |
|    actor_loss      | -358     |
|    critic_loss     | 5.89     |
|    ent_coef        | 0.153    |
|    ent_coef_loss   | 0.182    |
|    learning_rate   | 0.0003   |
|    n_updates       | 315899   |
---------------------------------
---------------------------------
| time/              |          |
|    episodes        | 320      |
|    fps             | 156      |
|    time_elapsed    | 2043     |
|    total_timesteps | 320000   |
| train/             |          |
|    actor_loss      | -343     |
|    critic_loss     | 4.28     |
|    ent_coef        | 0.153    |
|    ent_coef_loss   | -0.0979  |
|    learning_rate   | 0.0003   |
|    n_updates       | 319899   |
---------------------------------
---------------------------------
| time/              |          |
|    episodes        | 324      |
|    fps             | 155      |
|    time_elapsed    | 2082     |
|    total_timesteps | 324000   |
| train/             |          |
|    actor_loss      | -349     |
|    critic_loss     | 4.93     |
|    ent_coef        | 0.152    |
|    ent_coef_loss   | -0.465   |
|    learning_rate   | 0.0003   |
|    n_updates       | 323899   |
---------------------------------
---------------------------------
| time/              |          |
|    episodes        | 328      |
|    fps             | 154      |
|    time_elapsed    | 2119     |
|    total_timesteps | 328000   |
| train/             |          |
|    actor_loss      | -355     |
|    critic_loss     | 4.49     |
|    ent_coef        | 0.155    |
|    ent_coef_loss   | -0.0909  |
|    learning_rate   | 0.0003   |
|    n_updates       | 327899   |
---------------------------------
---------------------------------
| time/              |          |
|    episodes        | 332      |
|    fps             | 154      |
|    time_elapsed    | 2146     |
|    total_timesteps | 332000   |
| train/             |          |
|    actor_loss      | -358     |
|    critic_loss     | 3.85     |
|    ent_coef        | 0.156    |
|    ent_coef_loss   | 0.505    |
|    learning_rate   | 0.0003   |
|    n_updates       | 331899   |
---------------------------------
---------------------------------
| time/              |          |
|    episodes        | 336      |
|    fps             | 155      |
|    time_elapsed    | 2162     |
|    total_timesteps | 336000   |
| train/             |          |
|    actor_loss      | -370     |
|    critic_loss     | 4.49     |
|    ent_coef        | 0.157    |
|    ent_coef_loss   | 0.596    |
|    learning_rate   | 0.0003   |
|    n_updates       | 335899   |
---------------------------------
---------------------------------
| time/              |          |
|    episodes        | 340      |
|    fps             | 156      |
|    time_elapsed    | 2178     |
|    total_timesteps | 340000   |
| train/             |          |
|    actor_loss      | -355     |
|    critic_loss     | 4.8      |
|    ent_coef        | 0.156    |
|    ent_coef_loss   | -1.2     |
|    learning_rate   | 0.0003   |
|    n_updates       | 339899   |
---------------------------------
---------------------------------
| time/              |          |
|    episodes        | 344      |
|    fps             | 156      |
|    time_elapsed    | 2191     |
|    total_timesteps | 344000   |
| train/             |          |
|    actor_loss      | -355     |
|    critic_loss     | 5.45     |
|    ent_coef        | 0.156    |
|    ent_coef_loss   | -0.237   |
|    learning_rate   | 0.0003   |
|    n_updates       | 343899   |
---------------------------------
---------------------------------
| time/              |          |
|    episodes        | 348      |
|    fps             | 157      |
|    time_elapsed    | 2203     |
|    total_timesteps | 348000   |
| train/             |          |
|    actor_loss      | -362     |
|    critic_loss     | 4.02     |
|    ent_coef        | 0.159    |
|    ent_coef_loss   | 0.633    |
|    learning_rate   | 0.0003   |
|    n_updates       | 347899   |
---------------------------------
---------------------------------
| time/              |          |
|    episodes        | 352      |
|    fps             | 158      |
|    time_elapsed    | 2215     |
|    total_timesteps | 352000   |
| train/             |          |
|    actor_loss      | -358     |
|    critic_loss     | 4.17     |
|    ent_coef        | 0.157    |
|    ent_coef_loss   | -0.775   |
|    learning_rate   | 0.0003   |
|    n_updates       | 351899   |
---------------------------------
---------------------------------
| time/              |          |
|    episodes        | 356      |
|    fps             | 159      |
|    time_elapsed    | 2228     |
|    total_timesteps | 356000   |
| train/             |          |
|    actor_loss      | -369     |
|    critic_loss     | 4.14     |
|    ent_coef        | 0.159    |
|    ent_coef_loss   | 0.214    |
|    learning_rate   | 0.0003   |
|    n_updates       | 355899   |
---------------------------------
---------------------------------
| time/              |          |
|    episodes        | 360      |
|    fps             | 160      |
|    time_elapsed    | 2240     |
|    total_timesteps | 360000   |
| train/             |          |
|    actor_loss      | -359     |
|    critic_loss     | 4.11     |
|    ent_coef        | 0.161    |
|    ent_coef_loss   | 0.138    |
|    learning_rate   | 0.0003   |
|    n_updates       | 359899   |
---------------------------------
---------------------------------
| time/              |          |
|    episodes        | 364      |
|    fps             | 160      |
|    time_elapsed    | 2268     |
|    total_timesteps | 364000   |
| train/             |          |
|    actor_loss      | -371     |
|    critic_loss     | 3.6      |
|    ent_coef        | 0.16     |
|    ent_coef_loss   | -0.017   |
|    learning_rate   | 0.0003   |
|    n_updates       | 363899   |
---------------------------------
---------------------------------
| time/              |          |
|    episodes        | 368      |
|    fps             | 159      |
|    time_elapsed    | 2312     |
|    total_timesteps | 368000   |
| train/             |          |
|    actor_loss      | -369     |
|    critic_loss     | 4.53     |
|    ent_coef        | 0.162    |
|    ent_coef_loss   | -0.582   |
|    learning_rate   | 0.0003   |
|    n_updates       | 367899   |
---------------------------------
---------------------------------
| time/              |          |
|    episodes        | 372      |
|    fps             | 157      |
|    time_elapsed    | 2361     |
|    total_timesteps | 372000   |
| train/             |          |
|    actor_loss      | -370     |
|    critic_loss     | 4.99     |
|    ent_coef        | 0.159    |
|    ent_coef_loss   | 0.322    |
|    learning_rate   | 0.0003   |
|    n_updates       | 371899   |
---------------------------------
---------------------------------
| time/              |          |
|    episodes        | 376      |
|    fps             | 156      |
|    time_elapsed    | 2403     |
|    total_timesteps | 376000   |
| train/             |          |
|    actor_loss      | -378     |
|    critic_loss     | 5.13     |
|    ent_coef        | 0.162    |
|    ent_coef_loss   | -0.307   |
|    learning_rate   | 0.0003   |
|    n_updates       | 375899   |
---------------------------------
---------------------------------
| time/              |          |
|    episodes        | 380      |
|    fps             | 154      |
|    time_elapsed    | 2452     |
|    total_timesteps | 380000   |
| train/             |          |
|    actor_loss      | -380     |
|    critic_loss     | 5.2      |
|    ent_coef        | 0.161    |
|    ent_coef_loss   | -0.606   |
|    learning_rate   | 0.0003   |
|    n_updates       | 379899   |
---------------------------------
---------------------------------
| time/              |          |
|    episodes        | 384      |
|    fps             | 154      |
|    time_elapsed    | 2490     |
|    total_timesteps | 384000   |
| train/             |          |
|    actor_loss      | -380     |
|    critic_loss     | 5.27     |
|    ent_coef        | 0.162    |
|    ent_coef_loss   | 0.00481  |
|    learning_rate   | 0.0003   |
|    n_updates       | 383899   |
---------------------------------
---------------------------------
| time/              |          |
|    episodes        | 388      |
|    fps             | 153      |
|    time_elapsed    | 2522     |
|    total_timesteps | 388000   |
| train/             |          |
|    actor_loss      | -374     |
|    critic_loss     | 3.61     |
|    ent_coef        | 0.162    |
|    ent_coef_loss   | -0.477   |
|    learning_rate   | 0.0003   |
|    n_updates       | 387899   |
---------------------------------
---------------------------------
| time/              |          |
|    episodes        | 392      |
|    fps             | 153      |
|    time_elapsed    | 2557     |
|    total_timesteps | 392000   |
| train/             |          |
|    actor_loss      | -382     |
|    critic_loss     | 4.74     |
|    ent_coef        | 0.163    |
|    ent_coef_loss   | -0.0957  |
|    learning_rate   | 0.0003   |
|    n_updates       | 391899   |
---------------------------------
---------------------------------
| time/              |          |
|    episodes        | 396      |
|    fps             | 152      |
|    time_elapsed    | 2590     |
|    total_timesteps | 396000   |
| train/             |          |
|    actor_loss      | -377     |
|    critic_loss     | 4.37     |
|    ent_coef        | 0.163    |
|    ent_coef_loss   | -0.165   |
|    learning_rate   | 0.0003   |
|    n_updates       | 395899   |
---------------------------------
---------------------------------
| time/              |          |
|    episodes        | 400      |
|    fps             | 152      |
|    time_elapsed    | 2626     |
|    total_timesteps | 400000   |
| train/             |          |
|    actor_loss      | -387     |
|    critic_loss     | 5.75     |
|    ent_coef        | 0.164    |
|    ent_coef_loss   | 0.314    |
|    learning_rate   | 0.0003   |
|    n_updates       | 399899   |
---------------------------------
---------------------------------
| time/              |          |
|    episodes        | 404      |
|    fps             | 151      |
|    time_elapsed    | 2662     |
|    total_timesteps | 404000   |
| train/             |          |
|    actor_loss      | -380     |
|    critic_loss     | 4.36     |
|    ent_coef        | 0.167    |
|    ent_coef_loss   | -0.71    |
|    learning_rate   | 0.0003   |
|    n_updates       | 403899   |
---------------------------------
---------------------------------
| time/              |          |
|    episodes        | 408      |
|    fps             | 151      |
|    time_elapsed    | 2698     |
|    total_timesteps | 408000   |
| train/             |          |
|    actor_loss      | -388     |
|    critic_loss     | 3.74     |
|    ent_coef        | 0.165    |
|    ent_coef_loss   | -0.0653  |
|    learning_rate   | 0.0003   |
|    n_updates       | 407899   |
---------------------------------
---------------------------------
| time/              |          |
|    episodes        | 412      |
|    fps             | 150      |
|    time_elapsed    | 2735     |
|    total_timesteps | 412000   |
| train/             |          |
|    actor_loss      | -388     |
|    critic_loss     | 4.38     |
|    ent_coef        | 0.166    |
|    ent_coef_loss   | -0.341   |
|    learning_rate   | 0.0003   |
|    n_updates       | 411899   |
---------------------------------
---------------------------------
| time/              |          |
|    episodes        | 416      |
|    fps             | 150      |
|    time_elapsed    | 2769     |
|    total_timesteps | 416000   |
| train/             |          |
|    actor_loss      | -387     |
|    critic_loss     | 3.79     |
|    ent_coef        | 0.164    |
|    ent_coef_loss   | -0.715   |
|    learning_rate   | 0.0003   |
|    n_updates       | 415899   |
---------------------------------
---------------------------------
| time/              |          |
|    episodes        | 420      |
|    fps             | 149      |
|    time_elapsed    | 2800     |
|    total_timesteps | 420000   |
| train/             |          |
|    actor_loss      | -388     |
|    critic_loss     | 4.57     |
|    ent_coef        | 0.167    |
|    ent_coef_loss   | -0.189   |
|    learning_rate   | 0.0003   |
|    n_updates       | 419899   |
---------------------------------
---------------------------------
| time/              |          |
|    episodes        | 424      |
|    fps             | 149      |
|    time_elapsed    | 2830     |
|    total_timesteps | 424000   |
| train/             |          |
|    actor_loss      | -388     |
|    critic_loss     | 3.73     |
|    ent_coef        | 0.166    |
|    ent_coef_loss   | -0.32    |
|    learning_rate   | 0.0003   |
|    n_updates       | 423899   |
---------------------------------
---------------------------------
| time/              |          |
|    episodes        | 428      |
|    fps             | 149      |
|    time_elapsed    | 2860     |
|    total_timesteps | 428000   |
| train/             |          |
|    actor_loss      | -391     |
|    critic_loss     | 3.79     |
|    ent_coef        | 0.169    |
|    ent_coef_loss   | 0.383    |
|    learning_rate   | 0.0003   |
|    n_updates       | 427899   |
---------------------------------
---------------------------------
| time/              |          |
|    episodes        | 432      |
|    fps             | 149      |
|    time_elapsed    | 2893     |
|    total_timesteps | 432000   |
| train/             |          |
|    actor_loss      | -393     |
|    critic_loss     | 3.99     |
|    ent_coef        | 0.167    |
|    ent_coef_loss   | 0.523    |
|    learning_rate   | 0.0003   |
|    n_updates       | 431899   |
---------------------------------
---------------------------------
| time/              |          |
|    episodes        | 436      |
|    fps             | 148      |
|    time_elapsed    | 2929     |
|    total_timesteps | 436000   |
| train/             |          |
|    actor_loss      | -395     |
|    critic_loss     | 4.42     |
|    ent_coef        | 0.166    |
|    ent_coef_loss   | 0.356    |
|    learning_rate   | 0.0003   |
|    n_updates       | 435899   |
---------------------------------
---------------------------------
| time/              |          |
|    episodes        | 440      |
|    fps             | 148      |
|    time_elapsed    | 2964     |
|    total_timesteps | 440000   |
| train/             |          |
|    actor_loss      | -402     |
|    critic_loss     | 4.99     |
|    ent_coef        | 0.169    |
|    ent_coef_loss   | 0.727    |
|    learning_rate   | 0.0003   |
|    n_updates       | 439899   |
---------------------------------
---------------------------------
| time/              |          |
|    episodes        | 444      |
|    fps             | 147      |
|    time_elapsed    | 3000     |
|    total_timesteps | 444000   |
| train/             |          |
|    actor_loss      | -396     |
|    critic_loss     | 5.29     |
|    ent_coef        | 0.171    |
|    ent_coef_loss   | 0.043    |
|    learning_rate   | 0.0003   |
|    n_updates       | 443899   |
---------------------------------
---------------------------------
| time/              |          |
|    episodes        | 448      |
|    fps             | 147      |
|    time_elapsed    | 3036     |
|    total_timesteps | 448000   |
| train/             |          |
|    actor_loss      | -391     |
|    critic_loss     | 4.85     |
|    ent_coef        | 0.168    |
|    ent_coef_loss   | -0.677   |
|    learning_rate   | 0.0003   |
|    n_updates       | 447899   |
---------------------------------
---------------------------------
| time/              |          |
|    episodes        | 452      |
|    fps             | 147      |
|    time_elapsed    | 3072     |
|    total_timesteps | 452000   |
| train/             |          |
|    actor_loss      | -400     |
|    critic_loss     | 4.45     |
|    ent_coef        | 0.169    |
|    ent_coef_loss   | 0.0767   |
|    learning_rate   | 0.0003   |
|    n_updates       | 451899   |
---------------------------------
---------------------------------
| time/              |          |
|    episodes        | 456      |
|    fps             | 146      |
|    time_elapsed    | 3114     |
|    total_timesteps | 456000   |
| train/             |          |
|    actor_loss      | -390     |
|    critic_loss     | 4.11     |
|    ent_coef        | 0.167    |
|    ent_coef_loss   | -0.341   |
|    learning_rate   | 0.0003   |
|    n_updates       | 455899   |
---------------------------------
---------------------------------
| time/              |          |
|    episodes        | 460      |
|    fps             | 146      |
|    time_elapsed    | 3146     |
|    total_timesteps | 460000   |
| train/             |          |
|    actor_loss      | -396     |
|    critic_loss     | 5.21     |
|    ent_coef        | 0.169    |
|    ent_coef_loss   | 0.628    |
|    learning_rate   | 0.0003   |
|    n_updates       | 459899   |
---------------------------------
---------------------------------
| time/              |          |
|    episodes        | 464      |
|    fps             | 146      |
|    time_elapsed    | 3176     |
|    total_timesteps | 464000   |
| train/             |          |
|    actor_loss      | -403     |
|    critic_loss     | 4.28     |
|    ent_coef        | 0.169    |
|    ent_coef_loss   | -0.473   |
|    learning_rate   | 0.0003   |
|    n_updates       | 463899   |
---------------------------------
---------------------------------
| time/              |          |
|    episodes        | 468      |
|    fps             | 145      |
|    time_elapsed    | 3206     |
|    total_timesteps | 468000   |
| train/             |          |
|    actor_loss      | -396     |
|    critic_loss     | 2.99     |
|    ent_coef        | 0.169    |
|    ent_coef_loss   | -1.04    |
|    learning_rate   | 0.0003   |
|    n_updates       | 467899   |
---------------------------------
---------------------------------
| time/              |          |
|    episodes        | 472      |
|    fps             | 146      |
|    time_elapsed    | 3228     |
|    total_timesteps | 472000   |
| train/             |          |
|    actor_loss      | -400     |
|    critic_loss     | 4.07     |
|    ent_coef        | 0.17     |
|    ent_coef_loss   | 0.128    |
|    learning_rate   | 0.0003   |
|    n_updates       | 471899   |
---------------------------------
---------------------------------
| time/              |          |
|    episodes        | 476      |
|    fps             | 146      |
|    time_elapsed    | 3254     |
|    total_timesteps | 476000   |
| train/             |          |
|    actor_loss      | -399     |
|    critic_loss     | 5.6      |
|    ent_coef        | 0.17     |
|    ent_coef_loss   | -0.0849  |
|    learning_rate   | 0.0003   |
|    n_updates       | 475899   |
---------------------------------
---------------------------------
| time/              |          |
|    episodes        | 480      |
|    fps             | 146      |
|    time_elapsed    | 3280     |
|    total_timesteps | 480000   |
| train/             |          |
|    actor_loss      | -399     |
|    critic_loss     | 4.38     |
|    ent_coef        | 0.171    |
|    ent_coef_loss   | -0.13    |
|    learning_rate   | 0.0003   |
|    n_updates       | 479899   |
---------------------------------
---------------------------------
| time/              |          |
|    episodes        | 484      |
|    fps             | 146      |
|    time_elapsed    | 3301     |
|    total_timesteps | 484000   |
| train/             |          |
|    actor_loss      | -403     |
|    critic_loss     | 4.76     |
|    ent_coef        | 0.171    |
|    ent_coef_loss   | -0.074   |
|    learning_rate   | 0.0003   |
|    n_updates       | 483899   |
---------------------------------
---------------------------------
| time/              |          |
|    episodes        | 488      |
|    fps             | 147      |
|    time_elapsed    | 3316     |
|    total_timesteps | 488000   |
| train/             |          |
|    actor_loss      | -415     |
|    critic_loss     | 4.21     |
|    ent_coef        | 0.171    |
|    ent_coef_loss   | 0.67     |
|    learning_rate   | 0.0003   |
|    n_updates       | 487899   |
---------------------------------
---------------------------------
| time/              |          |
|    episodes        | 492      |
|    fps             | 147      |
|    time_elapsed    | 3328     |
|    total_timesteps | 492000   |
| train/             |          |
|    actor_loss      | -404     |
|    critic_loss     | 4.07     |
|    ent_coef        | 0.171    |
|    ent_coef_loss   | -0.39    |
|    learning_rate   | 0.0003   |
|    n_updates       | 491899   |
---------------------------------
---------------------------------
| time/              |          |
|    episodes        | 496      |
|    fps             | 148      |
|    time_elapsed    | 3340     |
|    total_timesteps | 496000   |
| train/             |          |
|    actor_loss      | -407     |
|    critic_loss     | 4.12     |
|    ent_coef        | 0.172    |
|    ent_coef_loss   | 0.13     |
|    learning_rate   | 0.0003   |
|    n_updates       | 495899   |
---------------------------------
---------------------------------
| time/              |          |
|    episodes        | 500      |
|    fps             | 148      |
|    time_elapsed    | 3356     |
|    total_timesteps | 500000   |
| train/             |          |
|    actor_loss      | -410     |
|    critic_loss     | 4.33     |
|    ent_coef        | 0.172    |
|    ent_coef_loss   | 0.544    |
|    learning_rate   | 0.0003   |
|    n_updates       | 499899   |
---------------------------------
/home/zhushaoq/.conda/envs/SB_FVRL/lib/python3.7/site-packages/glfw/__init__.py:916: GLFWError: (65544) b'X11: The DISPLAY environment variable is missing'
  warnings.warn(message, GLFWError)
/home/zhushaoq/.conda/envs/SB_FVRL/lib/python3.7/site-packages/torch/utils/tensorboard/__init__.py:5: DeprecationWarning: distutils Version classes are deprecated. Use packaging.version instead.
  tensorboard.__version__
/home/zhushaoq/.conda/envs/SB_FVRL/lib/python3.7/site-packages/torch/utils/tensorboard/__init__.py:6: DeprecationWarning: distutils Version classes are deprecated. Use packaging.version instead.
  ) < LooseVersion("1.15"):
/home/zhushaoq/.conda/envs/SB_FVRL/lib/python3.7/site-packages/gymnasium/envs/registration.py:524: DeprecationWarning: [33mWARN: The environment HalfCheetah-v3 is out of date. You should consider upgrading to version `v4`.[0m
  f"The environment {env_name} is out of date. You should consider "
/home/zhushaoq/.conda/envs/SB_FVRL/lib/python3.7/site-packages/gymnasium/envs/mujoco/mujoco_env.py:186: DeprecationWarning: [33mWARN: This version of the mujoco environments depends on the mujoco-py bindings, which are no longer maintained and may stop working. Please upgrade to the v4 versions of the environments (which depend on the mujoco python bindings instead), unless you are trying to precisely replicate previous works).[0m
  "This version of the mujoco environments depends "
