nohup: ignoring input
Using cuda device
None
None
SACPolicy(
  (actor): Actor(
    (features_extractor): FlattenExtractor(
      (flatten): Flatten(start_dim=1, end_dim=-1)
    )
    (latent_pi): Sequential(
      (0): Linear(in_features=17, out_features=256, bias=True)
      (1): ReLU()
      (2): Linear(in_features=256, out_features=256, bias=True)
      (3): ReLU()
    )
    (mu): Linear(in_features=256, out_features=6, bias=True)
    (log_std): Linear(in_features=256, out_features=6, bias=True)
  )
  (critic): ContinuousCritic(
    (features_extractor): FlattenExtractor(
      (flatten): Flatten(start_dim=1, end_dim=-1)
    )
    (qf0): Sequential(
      (0): Linear(in_features=23, out_features=256, bias=True)
      (1): ReLU()
      (2): Linear(in_features=256, out_features=256, bias=True)
      (3): ReLU()
      (4): Linear(in_features=256, out_features=1, bias=True)
    )
    (qf1): Sequential(
      (0): Linear(in_features=23, out_features=256, bias=True)
      (1): ReLU()
      (2): Linear(in_features=256, out_features=256, bias=True)
      (3): ReLU()
      (4): Linear(in_features=256, out_features=1, bias=True)
    )
  )
  (critic_target): ContinuousCritic(
    (features_extractor): FlattenExtractor(
      (flatten): Flatten(start_dim=1, end_dim=-1)
    )
    (qf0): Sequential(
      (0): Linear(in_features=23, out_features=256, bias=True)
      (1): ReLU()
      (2): Linear(in_features=256, out_features=256, bias=True)
      (3): ReLU()
      (4): Linear(in_features=256, out_features=1, bias=True)
    )
    (qf1): Sequential(
      (0): Linear(in_features=23, out_features=256, bias=True)
      (1): ReLU()
      (2): Linear(in_features=256, out_features=256, bias=True)
      (3): ReLU()
      (4): Linear(in_features=256, out_features=1, bias=True)
    )
  )
)
Logging to ./ckp/log/HalfCheetah-v3_sac/SAC_FVRL_12
---------------------------------
| time/              |          |
|    episodes        | 4        |
|    fps             | 77       |
|    time_elapsed    | 51       |
|    total_timesteps | 4000     |
| train/             |          |
|    actor_loss      | -33.6    |
|    critic_loss     | 1.54     |
|    ent_coef        | 0.315    |
|    ent_coef_loss   | -10.6    |
|    learning_rate   | 0.0003   |
|    n_updates       | 3899     |
---------------------------------
---------------------------------
| time/              |          |
|    episodes        | 8        |
|    fps             | 62       |
|    time_elapsed    | 127      |
|    total_timesteps | 8000     |
| train/             |          |
|    actor_loss      | -31.4    |
|    critic_loss     | 1.23     |
|    ent_coef        | 0.102    |
|    ent_coef_loss   | -15.9    |
|    learning_rate   | 0.0003   |
|    n_updates       | 7899     |
---------------------------------
---------------------------------
| time/              |          |
|    episodes        | 12       |
|    fps             | 76       |
|    time_elapsed    | 156      |
|    total_timesteps | 12000    |
| train/             |          |
|    actor_loss      | -23.2    |
|    critic_loss     | 0.976    |
|    ent_coef        | 0.0344   |
|    ent_coef_loss   | -15.3    |
|    learning_rate   | 0.0003   |
|    n_updates       | 11899    |
---------------------------------
---------------------------------
| time/              |          |
|    episodes        | 16       |
|    fps             | 90       |
|    time_elapsed    | 176      |
|    total_timesteps | 16000    |
| train/             |          |
|    actor_loss      | -15.7    |
|    critic_loss     | 0.851    |
|    ent_coef        | 0.0129   |
|    ent_coef_loss   | -9.15    |
|    learning_rate   | 0.0003   |
|    n_updates       | 15899    |
---------------------------------
---------------------------------
| time/              |          |
|    episodes        | 20       |
|    fps             | 89       |
|    time_elapsed    | 222      |
|    total_timesteps | 20000    |
| train/             |          |
|    actor_loss      | -8.77    |
|    critic_loss     | 0.845    |
|    ent_coef        | 0.00595  |
|    ent_coef_loss   | -2.79    |
|    learning_rate   | 0.0003   |
|    n_updates       | 19899    |
---------------------------------
---------------------------------
| time/              |          |
|    episodes        | 24       |
|    fps             | 95       |
|    time_elapsed    | 250      |
|    total_timesteps | 24000    |
| train/             |          |
|    actor_loss      | -4.25    |
|    critic_loss     | 0.818    |
|    ent_coef        | 0.00475  |
|    ent_coef_loss   | -2.95    |
|    learning_rate   | 0.0003   |
|    n_updates       | 23899    |
---------------------------------
---------------------------------
| time/              |          |
|    episodes        | 28       |
|    fps             | 102      |
|    time_elapsed    | 273      |
|    total_timesteps | 28000    |
| train/             |          |
|    actor_loss      | -1.17    |
|    critic_loss     | 0.616    |
|    ent_coef        | 0.0048   |
|    ent_coef_loss   | -0.664   |
|    learning_rate   | 0.0003   |
|    n_updates       | 27899    |
---------------------------------
---------------------------------
| time/              |          |
|    episodes        | 32       |
|    fps             | 109      |
|    time_elapsed    | 291      |
|    total_timesteps | 32000    |
| train/             |          |
|    actor_loss      | -1.04    |
|    critic_loss     | 0.632    |
|    ent_coef        | 0.00641  |
|    ent_coef_loss   | 0.658    |
|    learning_rate   | 0.0003   |
|    n_updates       | 31899    |
---------------------------------
---------------------------------
| time/              |          |
|    episodes        | 36       |
|    fps             | 117      |
|    time_elapsed    | 305      |
|    total_timesteps | 36000    |
| train/             |          |
|    actor_loss      | -3.03    |
|    critic_loss     | 0.836    |
|    ent_coef        | 0.012    |
|    ent_coef_loss   | 0.227    |
|    learning_rate   | 0.0003   |
|    n_updates       | 35899    |
---------------------------------
---------------------------------
| time/              |          |
|    episodes        | 40       |
|    fps             | 125      |
|    time_elapsed    | 318      |
|    total_timesteps | 40000    |
| train/             |          |
|    actor_loss      | -7.55    |
|    critic_loss     | 1.09     |
|    ent_coef        | 0.0166   |
|    ent_coef_loss   | 0.867    |
|    learning_rate   | 0.0003   |
|    n_updates       | 39899    |
---------------------------------
---------------------------------
| time/              |          |
|    episodes        | 44       |
|    fps             | 103      |
|    time_elapsed    | 426      |
|    total_timesteps | 44000    |
| train/             |          |
|    actor_loss      | -13.7    |
|    critic_loss     | 1.12     |
|    ent_coef        | 0.0224   |
|    ent_coef_loss   | 0.593    |
|    learning_rate   | 0.0003   |
|    n_updates       | 43899    |
---------------------------------
---------------------------------
| time/              |          |
|    episodes        | 48       |
|    fps             | 90       |
|    time_elapsed    | 528      |
|    total_timesteps | 48000    |
| train/             |          |
|    actor_loss      | -21.1    |
|    critic_loss     | 1.38     |
|    ent_coef        | 0.0249   |
|    ent_coef_loss   | -0.648   |
|    learning_rate   | 0.0003   |
|    n_updates       | 47899    |
---------------------------------
---------------------------------
| time/              |          |
|    episodes        | 52       |
|    fps             | 91       |
|    time_elapsed    | 566      |
|    total_timesteps | 52000    |
| train/             |          |
|    actor_loss      | -28.4    |
|    critic_loss     | 1.07     |
|    ent_coef        | 0.0259   |
|    ent_coef_loss   | 0.306    |
|    learning_rate   | 0.0003   |
|    n_updates       | 51899    |
---------------------------------
---------------------------------
| time/              |          |
|    episodes        | 56       |
|    fps             | 95       |
|    time_elapsed    | 588      |
|    total_timesteps | 56000    |
| train/             |          |
|    actor_loss      | -34      |
|    critic_loss     | 1.47     |
|    ent_coef        | 0.027    |
|    ent_coef_loss   | 0.736    |
|    learning_rate   | 0.0003   |
|    n_updates       | 55899    |
---------------------------------
---------------------------------
| time/              |          |
|    episodes        | 60       |
|    fps             | 98       |
|    time_elapsed    | 609      |
|    total_timesteps | 60000    |
| train/             |          |
|    actor_loss      | -39.3    |
|    critic_loss     | 1.4      |
|    ent_coef        | 0.0286   |
|    ent_coef_loss   | 0.884    |
|    learning_rate   | 0.0003   |
|    n_updates       | 59899    |
---------------------------------
---------------------------------
| time/              |          |
|    episodes        | 64       |
|    fps             | 101      |
|    time_elapsed    | 631      |
|    total_timesteps | 64000    |
| train/             |          |
|    actor_loss      | -42.7    |
|    critic_loss     | 1.42     |
|    ent_coef        | 0.0295   |
|    ent_coef_loss   | -0.674   |
|    learning_rate   | 0.0003   |
|    n_updates       | 63899    |
---------------------------------
---------------------------------
| time/              |          |
|    episodes        | 68       |
|    fps             | 97       |
|    time_elapsed    | 694      |
|    total_timesteps | 68000    |
| train/             |          |
|    actor_loss      | -46      |
|    critic_loss     | 1.64     |
|    ent_coef        | 0.0332   |
|    ent_coef_loss   | -1.09    |
|    learning_rate   | 0.0003   |
|    n_updates       | 67899    |
---------------------------------
---------------------------------
| time/              |          |
|    episodes        | 72       |
|    fps             | 90       |
|    time_elapsed    | 792      |
|    total_timesteps | 72000    |
| train/             |          |
|    actor_loss      | -48.3    |
|    critic_loss     | 1.55     |
|    ent_coef        | 0.0303   |
|    ent_coef_loss   | -1.25    |
|    learning_rate   | 0.0003   |
|    n_updates       | 71899    |
---------------------------------
---------------------------------
| time/              |          |
|    episodes        | 76       |
|    fps             | 93       |
|    time_elapsed    | 814      |
|    total_timesteps | 76000    |
| train/             |          |
|    actor_loss      | -53.1    |
|    critic_loss     | 1.43     |
|    ent_coef        | 0.031    |
|    ent_coef_loss   | 1.54     |
|    learning_rate   | 0.0003   |
|    n_updates       | 75899    |
---------------------------------
---------------------------------
| time/              |          |
|    episodes        | 80       |
|    fps             | 89       |
|    time_elapsed    | 894      |
|    total_timesteps | 80000    |
| train/             |          |
|    actor_loss      | -55.1    |
|    critic_loss     | 1.64     |
|    ent_coef        | 0.0322   |
|    ent_coef_loss   | -0.0675  |
|    learning_rate   | 0.0003   |
|    n_updates       | 79899    |
---------------------------------
---------------------------------
| time/              |          |
|    episodes        | 84       |
|    fps             | 86       |
|    time_elapsed    | 973      |
|    total_timesteps | 84000    |
| train/             |          |
|    actor_loss      | -59.5    |
|    critic_loss     | 2.02     |
|    ent_coef        | 0.0335   |
|    ent_coef_loss   | -0.63    |
|    learning_rate   | 0.0003   |
|    n_updates       | 83899    |
---------------------------------
---------------------------------
| time/              |          |
|    episodes        | 88       |
|    fps             | 89       |
|    time_elapsed    | 988      |
|    total_timesteps | 88000    |
| train/             |          |
|    actor_loss      | -63.4    |
|    critic_loss     | 1.59     |
|    ent_coef        | 0.0358   |
|    ent_coef_loss   | 0.815    |
|    learning_rate   | 0.0003   |
|    n_updates       | 87899    |
---------------------------------
---------------------------------
| time/              |          |
|    episodes        | 92       |
|    fps             | 89       |
|    time_elapsed    | 1027     |
|    total_timesteps | 92000    |
| train/             |          |
|    actor_loss      | -67.8    |
|    critic_loss     | 1.4      |
|    ent_coef        | 0.0374   |
|    ent_coef_loss   | -1.08    |
|    learning_rate   | 0.0003   |
|    n_updates       | 91899    |
---------------------------------
---------------------------------
| time/              |          |
|    episodes        | 96       |
|    fps             | 87       |
|    time_elapsed    | 1091     |
|    total_timesteps | 96000    |
| train/             |          |
|    actor_loss      | -69.8    |
|    critic_loss     | 1.54     |
|    ent_coef        | 0.0391   |
|    ent_coef_loss   | -0.296   |
|    learning_rate   | 0.0003   |
|    n_updates       | 95899    |
---------------------------------
---------------------------------
| time/              |          |
|    episodes        | 100      |
|    fps             | 88       |
|    time_elapsed    | 1124     |
|    total_timesteps | 100000   |
| train/             |          |
|    actor_loss      | -73.9    |
|    critic_loss     | 1.53     |
|    ent_coef        | 0.0403   |
|    ent_coef_loss   | -0.207   |
|    learning_rate   | 0.0003   |
|    n_updates       | 99899    |
---------------------------------
---------------------------------
| time/              |          |
|    episodes        | 104      |
|    fps             | 89       |
|    time_elapsed    | 1157     |
|    total_timesteps | 104000   |
| train/             |          |
|    actor_loss      | -76.3    |
|    critic_loss     | 1.52     |
|    ent_coef        | 0.0421   |
|    ent_coef_loss   | -0.574   |
|    learning_rate   | 0.0003   |
|    n_updates       | 103899   |
---------------------------------
---------------------------------
| time/              |          |
|    episodes        | 108      |
|    fps             | 90       |
|    time_elapsed    | 1191     |
|    total_timesteps | 108000   |
| train/             |          |
|    actor_loss      | -80      |
|    critic_loss     | 1.68     |
|    ent_coef        | 0.042    |
|    ent_coef_loss   | 1.89     |
|    learning_rate   | 0.0003   |
|    n_updates       | 107899   |
---------------------------------
---------------------------------
| time/              |          |
|    episodes        | 112      |
|    fps             | 91       |
|    time_elapsed    | 1224     |
|    total_timesteps | 112000   |
| train/             |          |
|    actor_loss      | -81.8    |
|    critic_loss     | 1.49     |
|    ent_coef        | 0.0431   |
|    ent_coef_loss   | 0.189    |
|    learning_rate   | 0.0003   |
|    n_updates       | 111899   |
---------------------------------
---------------------------------
| time/              |          |
|    episodes        | 116      |
|    fps             | 92       |
|    time_elapsed    | 1258     |
|    total_timesteps | 116000   |
| train/             |          |
|    actor_loss      | -83.7    |
|    critic_loss     | 1.49     |
|    ent_coef        | 0.0431   |
|    ent_coef_loss   | 0.392    |
|    learning_rate   | 0.0003   |
|    n_updates       | 115899   |
---------------------------------
---------------------------------
| time/              |          |
|    episodes        | 120      |
|    fps             | 92       |
|    time_elapsed    | 1291     |
|    total_timesteps | 120000   |
| train/             |          |
|    actor_loss      | -85.2    |
|    critic_loss     | 1.39     |
|    ent_coef        | 0.0444   |
|    ent_coef_loss   | -1.08    |
|    learning_rate   | 0.0003   |
|    n_updates       | 119899   |
---------------------------------
---------------------------------
| time/              |          |
|    episodes        | 124      |
|    fps             | 92       |
|    time_elapsed    | 1334     |
|    total_timesteps | 124000   |
| train/             |          |
|    actor_loss      | -87.7    |
|    critic_loss     | 1.41     |
|    ent_coef        | 0.0445   |
|    ent_coef_loss   | 0.526    |
|    learning_rate   | 0.0003   |
|    n_updates       | 123899   |
---------------------------------
---------------------------------
| time/              |          |
|    episodes        | 128      |
|    fps             | 90       |
|    time_elapsed    | 1407     |
|    total_timesteps | 128000   |
| train/             |          |
|    actor_loss      | -88.9    |
|    critic_loss     | 1.42     |
|    ent_coef        | 0.0465   |
|    ent_coef_loss   | 0.648    |
|    learning_rate   | 0.0003   |
|    n_updates       | 127899   |
---------------------------------
---------------------------------
| time/              |          |
|    episodes        | 132      |
|    fps             | 92       |
|    time_elapsed    | 1426     |
|    total_timesteps | 132000   |
| train/             |          |
|    actor_loss      | -90.6    |
|    critic_loss     | 1.37     |
|    ent_coef        | 0.0465   |
|    ent_coef_loss   | -0.682   |
|    learning_rate   | 0.0003   |
|    n_updates       | 131899   |
---------------------------------
---------------------------------
| time/              |          |
|    episodes        | 136      |
|    fps             | 88       |
|    time_elapsed    | 1539     |
|    total_timesteps | 136000   |
| train/             |          |
|    actor_loss      | -92.7    |
|    critic_loss     | 1.4      |
|    ent_coef        | 0.0466   |
|    ent_coef_loss   | 0.0192   |
|    learning_rate   | 0.0003   |
|    n_updates       | 135899   |
---------------------------------
---------------------------------
| time/              |          |
|    episodes        | 140      |
|    fps             | 84       |
|    time_elapsed    | 1650     |
|    total_timesteps | 140000   |
| train/             |          |
|    actor_loss      | -94      |
|    critic_loss     | 1.47     |
|    ent_coef        | 0.0472   |
|    ent_coef_loss   | 0.4      |
|    learning_rate   | 0.0003   |
|    n_updates       | 139899   |
---------------------------------
---------------------------------
| time/              |          |
|    episodes        | 144      |
|    fps             | 81       |
|    time_elapsed    | 1772     |
|    total_timesteps | 144000   |
| train/             |          |
|    actor_loss      | -95.1    |
|    critic_loss     | 1.44     |
|    ent_coef        | 0.0472   |
|    ent_coef_loss   | 0.73     |
|    learning_rate   | 0.0003   |
|    n_updates       | 143899   |
---------------------------------
---------------------------------
| time/              |          |
|    episodes        | 148      |
|    fps             | 82       |
|    time_elapsed    | 1794     |
|    total_timesteps | 148000   |
| train/             |          |
|    actor_loss      | -96.7    |
|    critic_loss     | 1.32     |
|    ent_coef        | 0.0473   |
|    ent_coef_loss   | 0.224    |
|    learning_rate   | 0.0003   |
|    n_updates       | 147899   |
---------------------------------
---------------------------------
| time/              |          |
|    episodes        | 152      |
|    fps             | 84       |
|    time_elapsed    | 1808     |
|    total_timesteps | 152000   |
| train/             |          |
|    actor_loss      | -99.2    |
|    critic_loss     | 1.14     |
|    ent_coef        | 0.0472   |
|    ent_coef_loss   | 0.425    |
|    learning_rate   | 0.0003   |
|    n_updates       | 151899   |
---------------------------------
---------------------------------
| time/              |          |
|    episodes        | 156      |
|    fps             | 85       |
|    time_elapsed    | 1830     |
|    total_timesteps | 156000   |
| train/             |          |
|    actor_loss      | -99.8    |
|    critic_loss     | 1.4      |
|    ent_coef        | 0.0489   |
|    ent_coef_loss   | 0.311    |
|    learning_rate   | 0.0003   |
|    n_updates       | 155899   |
---------------------------------
---------------------------------
| time/              |          |
|    episodes        | 160      |
|    fps             | 83       |
|    time_elapsed    | 1923     |
|    total_timesteps | 160000   |
| train/             |          |
|    actor_loss      | -102     |
|    critic_loss     | 1.2      |
|    ent_coef        | 0.0479   |
|    ent_coef_loss   | -0.479   |
|    learning_rate   | 0.0003   |
|    n_updates       | 159899   |
---------------------------------
---------------------------------
| time/              |          |
|    episodes        | 164      |
|    fps             | 83       |
|    time_elapsed    | 1953     |
|    total_timesteps | 164000   |
| train/             |          |
|    actor_loss      | -102     |
|    critic_loss     | 1.57     |
|    ent_coef        | 0.0471   |
|    ent_coef_loss   | -0.491   |
|    learning_rate   | 0.0003   |
|    n_updates       | 163899   |
---------------------------------
---------------------------------
| time/              |          |
|    episodes        | 168      |
|    fps             | 83       |
|    time_elapsed    | 2005     |
|    total_timesteps | 168000   |
| train/             |          |
|    actor_loss      | -105     |
|    critic_loss     | 1.26     |
|    ent_coef        | 0.0483   |
|    ent_coef_loss   | -0.677   |
|    learning_rate   | 0.0003   |
|    n_updates       | 167899   |
---------------------------------
---------------------------------
| time/              |          |
|    episodes        | 172      |
|    fps             | 85       |
|    time_elapsed    | 2019     |
|    total_timesteps | 172000   |
| train/             |          |
|    actor_loss      | -105     |
|    critic_loss     | 1.34     |
|    ent_coef        | 0.0488   |
|    ent_coef_loss   | 0.706    |
|    learning_rate   | 0.0003   |
|    n_updates       | 171899   |
---------------------------------
---------------------------------
| time/              |          |
|    episodes        | 176      |
|    fps             | 86       |
|    time_elapsed    | 2032     |
|    total_timesteps | 176000   |
| train/             |          |
|    actor_loss      | -107     |
|    critic_loss     | 1.52     |
|    ent_coef        | 0.0481   |
|    ent_coef_loss   | 1.97     |
|    learning_rate   | 0.0003   |
|    n_updates       | 175899   |
---------------------------------
---------------------------------
| time/              |          |
|    episodes        | 180      |
|    fps             | 87       |
|    time_elapsed    | 2045     |
|    total_timesteps | 180000   |
| train/             |          |
|    actor_loss      | -108     |
|    critic_loss     | 1.29     |
|    ent_coef        | 0.0483   |
|    ent_coef_loss   | -1.48    |
|    learning_rate   | 0.0003   |
|    n_updates       | 179899   |
---------------------------------
---------------------------------
| time/              |          |
|    episodes        | 184      |
|    fps             | 89       |
|    time_elapsed    | 2066     |
|    total_timesteps | 184000   |
| train/             |          |
|    actor_loss      | -108     |
|    critic_loss     | 1.5      |
|    ent_coef        | 0.0495   |
|    ent_coef_loss   | 1.15     |
|    learning_rate   | 0.0003   |
|    n_updates       | 183899   |
---------------------------------
---------------------------------
| time/              |          |
|    episodes        | 188      |
|    fps             | 90       |
|    time_elapsed    | 2087     |
|    total_timesteps | 188000   |
| train/             |          |
|    actor_loss      | -110     |
|    critic_loss     | 1.96     |
|    ent_coef        | 0.0498   |
|    ent_coef_loss   | -0.051   |
|    learning_rate   | 0.0003   |
|    n_updates       | 187899   |
---------------------------------
---------------------------------
| time/              |          |
|    episodes        | 192      |
|    fps             | 90       |
|    time_elapsed    | 2121     |
|    total_timesteps | 192000   |
| train/             |          |
|    actor_loss      | -111     |
|    critic_loss     | 1.32     |
|    ent_coef        | 0.0493   |
|    ent_coef_loss   | 0.21     |
|    learning_rate   | 0.0003   |
|    n_updates       | 191899   |
---------------------------------
---------------------------------
| time/              |          |
|    episodes        | 196      |
|    fps             | 90       |
|    time_elapsed    | 2158     |
|    total_timesteps | 196000   |
| train/             |          |
|    actor_loss      | -112     |
|    critic_loss     | 1.25     |
|    ent_coef        | 0.0501   |
|    ent_coef_loss   | -0.494   |
|    learning_rate   | 0.0003   |
|    n_updates       | 195899   |
---------------------------------
---------------------------------
| time/              |          |
|    episodes        | 200      |
|    fps             | 91       |
|    time_elapsed    | 2197     |
|    total_timesteps | 200000   |
| train/             |          |
|    actor_loss      | -113     |
|    critic_loss     | 1.42     |
|    ent_coef        | 0.0504   |
|    ent_coef_loss   | 0.19     |
|    learning_rate   | 0.0003   |
|    n_updates       | 199899   |
---------------------------------
---------------------------------
| time/              |          |
|    episodes        | 204      |
|    fps             | 91       |
|    time_elapsed    | 2236     |
|    total_timesteps | 204000   |
| train/             |          |
|    actor_loss      | -115     |
|    critic_loss     | 1.32     |
|    ent_coef        | 0.0507   |
|    ent_coef_loss   | 0.108    |
|    learning_rate   | 0.0003   |
|    n_updates       | 203899   |
---------------------------------
---------------------------------
| time/              |          |
|    episodes        | 208      |
|    fps             | 91       |
|    time_elapsed    | 2275     |
|    total_timesteps | 208000   |
| train/             |          |
|    actor_loss      | -114     |
|    critic_loss     | 1.15     |
|    ent_coef        | 0.0498   |
|    ent_coef_loss   | -0.954   |
|    learning_rate   | 0.0003   |
|    n_updates       | 207899   |
---------------------------------
---------------------------------
| time/              |          |
|    episodes        | 212      |
|    fps             | 91       |
|    time_elapsed    | 2309     |
|    total_timesteps | 212000   |
| train/             |          |
|    actor_loss      | -116     |
|    critic_loss     | 1.34     |
|    ent_coef        | 0.051    |
|    ent_coef_loss   | -0.324   |
|    learning_rate   | 0.0003   |
|    n_updates       | 211899   |
---------------------------------
---------------------------------
| time/              |          |
|    episodes        | 216      |
|    fps             | 91       |
|    time_elapsed    | 2373     |
|    total_timesteps | 216000   |
| train/             |          |
|    actor_loss      | -117     |
|    critic_loss     | 1.19     |
|    ent_coef        | 0.049    |
|    ent_coef_loss   | -0.24    |
|    learning_rate   | 0.0003   |
|    n_updates       | 215899   |
---------------------------------
---------------------------------
| time/              |          |
|    episodes        | 220      |
|    fps             | 90       |
|    time_elapsed    | 2418     |
|    total_timesteps | 220000   |
| train/             |          |
|    actor_loss      | -117     |
|    critic_loss     | 1.22     |
|    ent_coef        | 0.0508   |
|    ent_coef_loss   | 0.979    |
|    learning_rate   | 0.0003   |
|    n_updates       | 219899   |
---------------------------------
---------------------------------
| time/              |          |
|    episodes        | 224      |
|    fps             | 91       |
|    time_elapsed    | 2458     |
|    total_timesteps | 224000   |
| train/             |          |
|    actor_loss      | -119     |
|    critic_loss     | 1.28     |
|    ent_coef        | 0.0515   |
|    ent_coef_loss   | 1.95     |
|    learning_rate   | 0.0003   |
|    n_updates       | 223899   |
---------------------------------
---------------------------------
| time/              |          |
|    episodes        | 228      |
|    fps             | 88       |
|    time_elapsed    | 2567     |
|    total_timesteps | 228000   |
| train/             |          |
|    actor_loss      | -120     |
|    critic_loss     | 1.26     |
|    ent_coef        | 0.0507   |
|    ent_coef_loss   | 0.677    |
|    learning_rate   | 0.0003   |
|    n_updates       | 227899   |
---------------------------------
---------------------------------
| time/              |          |
|    episodes        | 232      |
|    fps             | 88       |
|    time_elapsed    | 2618     |
|    total_timesteps | 232000   |
| train/             |          |
|    actor_loss      | -122     |
|    critic_loss     | 1.16     |
|    ent_coef        | 0.0513   |
|    ent_coef_loss   | 0.942    |
|    learning_rate   | 0.0003   |
|    n_updates       | 231899   |
---------------------------------
---------------------------------
| time/              |          |
|    episodes        | 236      |
|    fps             | 86       |
|    time_elapsed    | 2736     |
|    total_timesteps | 236000   |
| train/             |          |
|    actor_loss      | -122     |
|    critic_loss     | 1.42     |
|    ent_coef        | 0.0511   |
|    ent_coef_loss   | -0.281   |
|    learning_rate   | 0.0003   |
|    n_updates       | 235899   |
---------------------------------
---------------------------------
| time/              |          |
|    episodes        | 240      |
|    fps             | 86       |
|    time_elapsed    | 2767     |
|    total_timesteps | 240000   |
| train/             |          |
|    actor_loss      | -122     |
|    critic_loss     | 1.05     |
|    ent_coef        | 0.0505   |
|    ent_coef_loss   | -0.047   |
|    learning_rate   | 0.0003   |
|    n_updates       | 239899   |
---------------------------------
---------------------------------
| time/              |          |
|    episodes        | 244      |
|    fps             | 86       |
|    time_elapsed    | 2815     |
|    total_timesteps | 244000   |
| train/             |          |
|    actor_loss      | -123     |
|    critic_loss     | 1.24     |
|    ent_coef        | 0.0511   |
|    ent_coef_loss   | 0.137    |
|    learning_rate   | 0.0003   |
|    n_updates       | 243899   |
---------------------------------
---------------------------------
| time/              |          |
|    episodes        | 248      |
|    fps             | 85       |
|    time_elapsed    | 2903     |
|    total_timesteps | 248000   |
| train/             |          |
|    actor_loss      | -124     |
|    critic_loss     | 1.29     |
|    ent_coef        | 0.0504   |
|    ent_coef_loss   | 0.91     |
|    learning_rate   | 0.0003   |
|    n_updates       | 247899   |
---------------------------------
---------------------------------
| time/              |          |
|    episodes        | 252      |
|    fps             | 84       |
|    time_elapsed    | 2967     |
|    total_timesteps | 252000   |
| train/             |          |
|    actor_loss      | -125     |
|    critic_loss     | 1.33     |
|    ent_coef        | 0.0509   |
|    ent_coef_loss   | -0.274   |
|    learning_rate   | 0.0003   |
|    n_updates       | 251899   |
---------------------------------
---------------------------------
| time/              |          |
|    episodes        | 256      |
|    fps             | 82       |
|    time_elapsed    | 3121     |
|    total_timesteps | 256000   |
| train/             |          |
|    actor_loss      | -125     |
|    critic_loss     | 1.25     |
|    ent_coef        | 0.0499   |
|    ent_coef_loss   | -0.757   |
|    learning_rate   | 0.0003   |
|    n_updates       | 255899   |
---------------------------------
---------------------------------
| time/              |          |
|    episodes        | 260      |
|    fps             | 79       |
|    time_elapsed    | 3256     |
|    total_timesteps | 260000   |
| train/             |          |
|    actor_loss      | -127     |
|    critic_loss     | 1.38     |
|    ent_coef        | 0.0513   |
|    ent_coef_loss   | 0.0651   |
|    learning_rate   | 0.0003   |
|    n_updates       | 259899   |
---------------------------------
---------------------------------
| time/              |          |
|    episodes        | 264      |
|    fps             | 79       |
|    time_elapsed    | 3339     |
|    total_timesteps | 264000   |
| train/             |          |
|    actor_loss      | -127     |
|    critic_loss     | 1.28     |
|    ent_coef        | 0.0502   |
|    ent_coef_loss   | -0.295   |
|    learning_rate   | 0.0003   |
|    n_updates       | 263899   |
---------------------------------
---------------------------------
| time/              |          |
|    episodes        | 268      |
|    fps             | 78       |
|    time_elapsed    | 3434     |
|    total_timesteps | 268000   |
| train/             |          |
|    actor_loss      | -129     |
|    critic_loss     | 1.11     |
|    ent_coef        | 0.0509   |
|    ent_coef_loss   | -0.207   |
|    learning_rate   | 0.0003   |
|    n_updates       | 267899   |
---------------------------------
---------------------------------
| time/              |          |
|    episodes        | 272      |
|    fps             | 77       |
|    time_elapsed    | 3525     |
|    total_timesteps | 272000   |
| train/             |          |
|    actor_loss      | -129     |
|    critic_loss     | 1.19     |
|    ent_coef        | 0.0504   |
|    ent_coef_loss   | 0.803    |
|    learning_rate   | 0.0003   |
|    n_updates       | 271899   |
---------------------------------
---------------------------------
| time/              |          |
|    episodes        | 276      |
|    fps             | 76       |
|    time_elapsed    | 3602     |
|    total_timesteps | 276000   |
| train/             |          |
|    actor_loss      | -130     |
|    critic_loss     | 1.24     |
|    ent_coef        | 0.0503   |
|    ent_coef_loss   | 0.995    |
|    learning_rate   | 0.0003   |
|    n_updates       | 275899   |
---------------------------------
---------------------------------
| time/              |          |
|    episodes        | 280      |
|    fps             | 77       |
|    time_elapsed    | 3619     |
|    total_timesteps | 280000   |
| train/             |          |
|    actor_loss      | -130     |
|    critic_loss     | 1.18     |
|    ent_coef        | 0.0509   |
|    ent_coef_loss   | -0.825   |
|    learning_rate   | 0.0003   |
|    n_updates       | 279899   |
---------------------------------
---------------------------------
| time/              |          |
|    episodes        | 284      |
|    fps             | 77       |
|    time_elapsed    | 3649     |
|    total_timesteps | 284000   |
| train/             |          |
|    actor_loss      | -130     |
|    critic_loss     | 1.41     |
|    ent_coef        | 0.0504   |
|    ent_coef_loss   | -0.812   |
|    learning_rate   | 0.0003   |
|    n_updates       | 283899   |
---------------------------------
---------------------------------
| time/              |          |
|    episodes        | 288      |
|    fps             | 78       |
|    time_elapsed    | 3684     |
|    total_timesteps | 288000   |
| train/             |          |
|    actor_loss      | -131     |
|    critic_loss     | 1.14     |
|    ent_coef        | 0.0513   |
|    ent_coef_loss   | 1.51     |
|    learning_rate   | 0.0003   |
|    n_updates       | 287899   |
---------------------------------
---------------------------------
| time/              |          |
|    episodes        | 292      |
|    fps             | 76       |
|    time_elapsed    | 3792     |
|    total_timesteps | 292000   |
| train/             |          |
|    actor_loss      | -131     |
|    critic_loss     | 1.1      |
|    ent_coef        | 0.0505   |
|    ent_coef_loss   | -0.517   |
|    learning_rate   | 0.0003   |
|    n_updates       | 291899   |
---------------------------------
---------------------------------
| time/              |          |
|    episodes        | 296      |
|    fps             | 77       |
|    time_elapsed    | 3826     |
|    total_timesteps | 296000   |
| train/             |          |
|    actor_loss      | -131     |
|    critic_loss     | 1.08     |
|    ent_coef        | 0.0508   |
|    ent_coef_loss   | -0.158   |
|    learning_rate   | 0.0003   |
|    n_updates       | 295899   |
---------------------------------
---------------------------------
| time/              |          |
|    episodes        | 300      |
|    fps             | 75       |
|    time_elapsed    | 3948     |
|    total_timesteps | 300000   |
| train/             |          |
|    actor_loss      | -133     |
|    critic_loss     | 1.25     |
|    ent_coef        | 0.0517   |
|    ent_coef_loss   | 0.892    |
|    learning_rate   | 0.0003   |
|    n_updates       | 299899   |
---------------------------------
---------------------------------
| time/              |          |
|    episodes        | 304      |
|    fps             | 74       |
|    time_elapsed    | 4064     |
|    total_timesteps | 304000   |
| train/             |          |
|    actor_loss      | -133     |
|    critic_loss     | 1.19     |
|    ent_coef        | 0.0497   |
|    ent_coef_loss   | 1.02     |
|    learning_rate   | 0.0003   |
|    n_updates       | 303899   |
---------------------------------
---------------------------------
| time/              |          |
|    episodes        | 308      |
|    fps             | 73       |
|    time_elapsed    | 4180     |
|    total_timesteps | 308000   |
| train/             |          |
|    actor_loss      | -134     |
|    critic_loss     | 1.4      |
|    ent_coef        | 0.052    |
|    ent_coef_loss   | 0.38     |
|    learning_rate   | 0.0003   |
|    n_updates       | 307899   |
---------------------------------
---------------------------------
| time/              |          |
|    episodes        | 312      |
|    fps             | 72       |
|    time_elapsed    | 4288     |
|    total_timesteps | 312000   |
| train/             |          |
|    actor_loss      | -134     |
|    critic_loss     | 1.05     |
|    ent_coef        | 0.0515   |
|    ent_coef_loss   | 0.453    |
|    learning_rate   | 0.0003   |
|    n_updates       | 311899   |
---------------------------------
---------------------------------
| time/              |          |
|    episodes        | 316      |
|    fps             | 72       |
|    time_elapsed    | 4332     |
|    total_timesteps | 316000   |
| train/             |          |
|    actor_loss      | -136     |
|    critic_loss     | 0.947    |
|    ent_coef        | 0.0513   |
|    ent_coef_loss   | 0.494    |
|    learning_rate   | 0.0003   |
|    n_updates       | 315899   |
---------------------------------
---------------------------------
| time/              |          |
|    episodes        | 320      |
|    fps             | 73       |
|    time_elapsed    | 4365     |
|    total_timesteps | 320000   |
| train/             |          |
|    actor_loss      | -135     |
|    critic_loss     | 1.34     |
|    ent_coef        | 0.0522   |
|    ent_coef_loss   | -0.283   |
|    learning_rate   | 0.0003   |
|    n_updates       | 319899   |
---------------------------------
---------------------------------
| time/              |          |
|    episodes        | 324      |
|    fps             | 73       |
|    time_elapsed    | 4399     |
|    total_timesteps | 324000   |
| train/             |          |
|    actor_loss      | -136     |
|    critic_loss     | 1.23     |
|    ent_coef        | 0.051    |
|    ent_coef_loss   | 2.52     |
|    learning_rate   | 0.0003   |
|    n_updates       | 323899   |
---------------------------------
---------------------------------
| time/              |          |
|    episodes        | 328      |
|    fps             | 74       |
|    time_elapsed    | 4432     |
|    total_timesteps | 328000   |
| train/             |          |
|    actor_loss      | -135     |
|    critic_loss     | 1.27     |
|    ent_coef        | 0.0517   |
|    ent_coef_loss   | -0.457   |
|    learning_rate   | 0.0003   |
|    n_updates       | 327899   |
---------------------------------
---------------------------------
| time/              |          |
|    episodes        | 332      |
|    fps             | 74       |
|    time_elapsed    | 4465     |
|    total_timesteps | 332000   |
| train/             |          |
|    actor_loss      | -135     |
|    critic_loss     | 1.13     |
|    ent_coef        | 0.0519   |
|    ent_coef_loss   | -0.815   |
|    learning_rate   | 0.0003   |
|    n_updates       | 331899   |
---------------------------------
---------------------------------
| time/              |          |
|    episodes        | 336      |
|    fps             | 74       |
|    time_elapsed    | 4499     |
|    total_timesteps | 336000   |
| train/             |          |
|    actor_loss      | -138     |
|    critic_loss     | 1.07     |
|    ent_coef        | 0.0514   |
|    ent_coef_loss   | -0.511   |
|    learning_rate   | 0.0003   |
|    n_updates       | 335899   |
---------------------------------
---------------------------------
| time/              |          |
|    episodes        | 340      |
|    fps             | 75       |
|    time_elapsed    | 4532     |
|    total_timesteps | 340000   |
| train/             |          |
|    actor_loss      | -137     |
|    critic_loss     | 1.18     |
|    ent_coef        | 0.052    |
|    ent_coef_loss   | -0.0852  |
|    learning_rate   | 0.0003   |
|    n_updates       | 339899   |
---------------------------------
---------------------------------
| time/              |          |
|    episodes        | 344      |
|    fps             | 75       |
|    time_elapsed    | 4565     |
|    total_timesteps | 344000   |
| train/             |          |
|    actor_loss      | -138     |
|    critic_loss     | 0.983    |
|    ent_coef        | 0.0516   |
|    ent_coef_loss   | 0.186    |
|    learning_rate   | 0.0003   |
|    n_updates       | 343899   |
---------------------------------
---------------------------------
| time/              |          |
|    episodes        | 348      |
|    fps             | 75       |
|    time_elapsed    | 4598     |
|    total_timesteps | 348000   |
| train/             |          |
|    actor_loss      | -139     |
|    critic_loss     | 0.829    |
|    ent_coef        | 0.052    |
|    ent_coef_loss   | -0.197   |
|    learning_rate   | 0.0003   |
|    n_updates       | 347899   |
---------------------------------
---------------------------------
| time/              |          |
|    episodes        | 352      |
|    fps             | 75       |
|    time_elapsed    | 4631     |
|    total_timesteps | 352000   |
| train/             |          |
|    actor_loss      | -139     |
|    critic_loss     | 1.15     |
|    ent_coef        | 0.0517   |
|    ent_coef_loss   | 0.314    |
|    learning_rate   | 0.0003   |
|    n_updates       | 351899   |
---------------------------------
---------------------------------
| time/              |          |
|    episodes        | 356      |
|    fps             | 76       |
|    time_elapsed    | 4664     |
|    total_timesteps | 356000   |
| train/             |          |
|    actor_loss      | -139     |
|    critic_loss     | 1.12     |
|    ent_coef        | 0.0512   |
|    ent_coef_loss   | 0.0684   |
|    learning_rate   | 0.0003   |
|    n_updates       | 355899   |
---------------------------------
---------------------------------
| time/              |          |
|    episodes        | 360      |
|    fps             | 76       |
|    time_elapsed    | 4698     |
|    total_timesteps | 360000   |
| train/             |          |
|    actor_loss      | -139     |
|    critic_loss     | 0.794    |
|    ent_coef        | 0.0523   |
|    ent_coef_loss   | -0.0161  |
|    learning_rate   | 0.0003   |
|    n_updates       | 359899   |
---------------------------------
---------------------------------
| time/              |          |
|    episodes        | 364      |
|    fps             | 76       |
|    time_elapsed    | 4731     |
|    total_timesteps | 364000   |
| train/             |          |
|    actor_loss      | -141     |
|    critic_loss     | 0.919    |
|    ent_coef        | 0.052    |
|    ent_coef_loss   | 1.22     |
|    learning_rate   | 0.0003   |
|    n_updates       | 363899   |
---------------------------------
---------------------------------
| time/              |          |
|    episodes        | 368      |
|    fps             | 77       |
|    time_elapsed    | 4764     |
|    total_timesteps | 368000   |
| train/             |          |
|    actor_loss      | -140     |
|    critic_loss     | 0.876    |
|    ent_coef        | 0.0519   |
|    ent_coef_loss   | -0.211   |
|    learning_rate   | 0.0003   |
|    n_updates       | 367899   |
---------------------------------
---------------------------------
| time/              |          |
|    episodes        | 372      |
|    fps             | 77       |
|    time_elapsed    | 4797     |
|    total_timesteps | 372000   |
| train/             |          |
|    actor_loss      | -141     |
|    critic_loss     | 1.13     |
|    ent_coef        | 0.0519   |
|    ent_coef_loss   | -0.0275  |
|    learning_rate   | 0.0003   |
|    n_updates       | 371899   |
---------------------------------
---------------------------------
| time/              |          |
|    episodes        | 376      |
|    fps             | 77       |
|    time_elapsed    | 4831     |
|    total_timesteps | 376000   |
| train/             |          |
|    actor_loss      | -141     |
|    critic_loss     | 1.41     |
|    ent_coef        | 0.0514   |
|    ent_coef_loss   | -0.762   |
|    learning_rate   | 0.0003   |
|    n_updates       | 375899   |
---------------------------------
---------------------------------
| time/              |          |
|    episodes        | 380      |
|    fps             | 78       |
|    time_elapsed    | 4865     |
|    total_timesteps | 380000   |
| train/             |          |
|    actor_loss      | -141     |
|    critic_loss     | 0.893    |
|    ent_coef        | 0.0515   |
|    ent_coef_loss   | -0.196   |
|    learning_rate   | 0.0003   |
|    n_updates       | 379899   |
---------------------------------
---------------------------------
| time/              |          |
|    episodes        | 384      |
|    fps             | 78       |
|    time_elapsed    | 4903     |
|    total_timesteps | 384000   |
| train/             |          |
|    actor_loss      | -142     |
|    critic_loss     | 1.17     |
|    ent_coef        | 0.0519   |
|    ent_coef_loss   | -1.01    |
|    learning_rate   | 0.0003   |
|    n_updates       | 383899   |
---------------------------------
---------------------------------
| time/              |          |
|    episodes        | 388      |
|    fps             | 78       |
|    time_elapsed    | 4942     |
|    total_timesteps | 388000   |
| train/             |          |
|    actor_loss      | -142     |
|    critic_loss     | 1.16     |
|    ent_coef        | 0.0513   |
|    ent_coef_loss   | -0.307   |
|    learning_rate   | 0.0003   |
|    n_updates       | 387899   |
---------------------------------
---------------------------------
| time/              |          |
|    episodes        | 392      |
|    fps             | 78       |
|    time_elapsed    | 4980     |
|    total_timesteps | 392000   |
| train/             |          |
|    actor_loss      | -142     |
|    critic_loss     | 1.14     |
|    ent_coef        | 0.0515   |
|    ent_coef_loss   | -0.148   |
|    learning_rate   | 0.0003   |
|    n_updates       | 391899   |
---------------------------------
---------------------------------
| time/              |          |
|    episodes        | 396      |
|    fps             | 78       |
|    time_elapsed    | 5019     |
|    total_timesteps | 396000   |
| train/             |          |
|    actor_loss      | -143     |
|    critic_loss     | 1.36     |
|    ent_coef        | 0.0518   |
|    ent_coef_loss   | 1.26     |
|    learning_rate   | 0.0003   |
|    n_updates       | 395899   |
---------------------------------
---------------------------------
| time/              |          |
|    episodes        | 400      |
|    fps             | 79       |
|    time_elapsed    | 5057     |
|    total_timesteps | 400000   |
| train/             |          |
|    actor_loss      | -143     |
|    critic_loss     | 1.13     |
|    ent_coef        | 0.0518   |
|    ent_coef_loss   | 0.597    |
|    learning_rate   | 0.0003   |
|    n_updates       | 399899   |
---------------------------------
---------------------------------
| time/              |          |
|    episodes        | 404      |
|    fps             | 79       |
|    time_elapsed    | 5096     |
|    total_timesteps | 404000   |
| train/             |          |
|    actor_loss      | -143     |
|    critic_loss     | 1.32     |
|    ent_coef        | 0.0527   |
|    ent_coef_loss   | 1.19     |
|    learning_rate   | 0.0003   |
|    n_updates       | 403899   |
---------------------------------
---------------------------------
| time/              |          |
|    episodes        | 408      |
|    fps             | 79       |
|    time_elapsed    | 5135     |
|    total_timesteps | 408000   |
| train/             |          |
|    actor_loss      | -144     |
|    critic_loss     | 0.895    |
|    ent_coef        | 0.0513   |
|    ent_coef_loss   | 0.0357   |
|    learning_rate   | 0.0003   |
|    n_updates       | 407899   |
---------------------------------
---------------------------------
| time/              |          |
|    episodes        | 412      |
|    fps             | 79       |
|    time_elapsed    | 5171     |
|    total_timesteps | 412000   |
| train/             |          |
|    actor_loss      | -144     |
|    critic_loss     | 1.07     |
|    ent_coef        | 0.0519   |
|    ent_coef_loss   | -0.428   |
|    learning_rate   | 0.0003   |
|    n_updates       | 411899   |
---------------------------------
---------------------------------
| time/              |          |
|    episodes        | 416      |
|    fps             | 79       |
|    time_elapsed    | 5207     |
|    total_timesteps | 416000   |
| train/             |          |
|    actor_loss      | -144     |
|    critic_loss     | 1.15     |
|    ent_coef        | 0.0528   |
|    ent_coef_loss   | -0.299   |
|    learning_rate   | 0.0003   |
|    n_updates       | 415899   |
---------------------------------
---------------------------------
| time/              |          |
|    episodes        | 420      |
|    fps             | 80       |
|    time_elapsed    | 5241     |
|    total_timesteps | 420000   |
| train/             |          |
|    actor_loss      | -145     |
|    critic_loss     | 1.15     |
|    ent_coef        | 0.0519   |
|    ent_coef_loss   | -0.146   |
|    learning_rate   | 0.0003   |
|    n_updates       | 419899   |
---------------------------------
---------------------------------
| time/              |          |
|    episodes        | 424      |
|    fps             | 80       |
|    time_elapsed    | 5279     |
|    total_timesteps | 424000   |
| train/             |          |
|    actor_loss      | -145     |
|    critic_loss     | 0.9      |
|    ent_coef        | 0.0522   |
|    ent_coef_loss   | -0.271   |
|    learning_rate   | 0.0003   |
|    n_updates       | 423899   |
---------------------------------
---------------------------------
| time/              |          |
|    episodes        | 428      |
|    fps             | 80       |
|    time_elapsed    | 5318     |
|    total_timesteps | 428000   |
| train/             |          |
|    actor_loss      | -146     |
|    critic_loss     | 1.08     |
|    ent_coef        | 0.0516   |
|    ent_coef_loss   | 0.146    |
|    learning_rate   | 0.0003   |
|    n_updates       | 427899   |
---------------------------------
---------------------------------
| time/              |          |
|    episodes        | 432      |
|    fps             | 80       |
|    time_elapsed    | 5356     |
|    total_timesteps | 432000   |
| train/             |          |
|    actor_loss      | -146     |
|    critic_loss     | 1.02     |
|    ent_coef        | 0.0515   |
|    ent_coef_loss   | 0.0677   |
|    learning_rate   | 0.0003   |
|    n_updates       | 431899   |
---------------------------------
---------------------------------
| time/              |          |
|    episodes        | 436      |
|    fps             | 80       |
|    time_elapsed    | 5394     |
|    total_timesteps | 436000   |
| train/             |          |
|    actor_loss      | -146     |
|    critic_loss     | 1.23     |
|    ent_coef        | 0.0516   |
|    ent_coef_loss   | -0.0603  |
|    learning_rate   | 0.0003   |
|    n_updates       | 435899   |
---------------------------------
---------------------------------
| time/              |          |
|    episodes        | 440      |
|    fps             | 80       |
|    time_elapsed    | 5433     |
|    total_timesteps | 440000   |
| train/             |          |
|    actor_loss      | -147     |
|    critic_loss     | 1.24     |
|    ent_coef        | 0.0521   |
|    ent_coef_loss   | 2.23     |
|    learning_rate   | 0.0003   |
|    n_updates       | 439899   |
---------------------------------
---------------------------------
| time/              |          |
|    episodes        | 444      |
|    fps             | 81       |
|    time_elapsed    | 5471     |
|    total_timesteps | 444000   |
| train/             |          |
|    actor_loss      | -147     |
|    critic_loss     | 0.913    |
|    ent_coef        | 0.0509   |
|    ent_coef_loss   | -0.47    |
|    learning_rate   | 0.0003   |
|    n_updates       | 443899   |
---------------------------------
---------------------------------
| time/              |          |
|    episodes        | 448      |
|    fps             | 81       |
|    time_elapsed    | 5509     |
|    total_timesteps | 448000   |
| train/             |          |
|    actor_loss      | -147     |
|    critic_loss     | 1.16     |
|    ent_coef        | 0.0515   |
|    ent_coef_loss   | 1.1      |
|    learning_rate   | 0.0003   |
|    n_updates       | 447899   |
---------------------------------
---------------------------------
| time/              |          |
|    episodes        | 452      |
|    fps             | 81       |
|    time_elapsed    | 5543     |
|    total_timesteps | 452000   |
| train/             |          |
|    actor_loss      | -148     |
|    critic_loss     | 1.33     |
|    ent_coef        | 0.0506   |
|    ent_coef_loss   | 0.606    |
|    learning_rate   | 0.0003   |
|    n_updates       | 451899   |
---------------------------------
---------------------------------
| time/              |          |
|    episodes        | 456      |
|    fps             | 81       |
|    time_elapsed    | 5576     |
|    total_timesteps | 456000   |
| train/             |          |
|    actor_loss      | -149     |
|    critic_loss     | 1.09     |
|    ent_coef        | 0.0501   |
|    ent_coef_loss   | 0.117    |
|    learning_rate   | 0.0003   |
|    n_updates       | 455899   |
---------------------------------
---------------------------------
| time/              |          |
|    episodes        | 460      |
|    fps             | 82       |
|    time_elapsed    | 5608     |
|    total_timesteps | 460000   |
| train/             |          |
|    actor_loss      | -149     |
|    critic_loss     | 1.08     |
|    ent_coef        | 0.0533   |
|    ent_coef_loss   | 0.371    |
|    learning_rate   | 0.0003   |
|    n_updates       | 459899   |
---------------------------------
---------------------------------
| time/              |          |
|    episodes        | 464      |
|    fps             | 82       |
|    time_elapsed    | 5641     |
|    total_timesteps | 464000   |
| train/             |          |
|    actor_loss      | -149     |
|    critic_loss     | 1.09     |
|    ent_coef        | 0.0503   |
|    ent_coef_loss   | 0.902    |
|    learning_rate   | 0.0003   |
|    n_updates       | 463899   |
---------------------------------
---------------------------------
| time/              |          |
|    episodes        | 468      |
|    fps             | 82       |
|    time_elapsed    | 5673     |
|    total_timesteps | 468000   |
| train/             |          |
|    actor_loss      | -150     |
|    critic_loss     | 1.06     |
|    ent_coef        | 0.0513   |
|    ent_coef_loss   | -0.531   |
|    learning_rate   | 0.0003   |
|    n_updates       | 467899   |
---------------------------------
---------------------------------
| time/              |          |
|    episodes        | 472      |
|    fps             | 82       |
|    time_elapsed    | 5706     |
|    total_timesteps | 472000   |
| train/             |          |
|    actor_loss      | -150     |
|    critic_loss     | 1.17     |
|    ent_coef        | 0.0505   |
|    ent_coef_loss   | -0.075   |
|    learning_rate   | 0.0003   |
|    n_updates       | 471899   |
---------------------------------
---------------------------------
| time/              |          |
|    episodes        | 476      |
|    fps             | 82       |
|    time_elapsed    | 5739     |
|    total_timesteps | 476000   |
| train/             |          |
|    actor_loss      | -150     |
|    critic_loss     | 0.907    |
|    ent_coef        | 0.0509   |
|    ent_coef_loss   | -0.321   |
|    learning_rate   | 0.0003   |
|    n_updates       | 475899   |
---------------------------------
---------------------------------
| time/              |          |
|    episodes        | 480      |
|    fps             | 83       |
|    time_elapsed    | 5777     |
|    total_timesteps | 480000   |
| train/             |          |
|    actor_loss      | -151     |
|    critic_loss     | 1.12     |
|    ent_coef        | 0.0512   |
|    ent_coef_loss   | 1.32     |
|    learning_rate   | 0.0003   |
|    n_updates       | 479899   |
---------------------------------
---------------------------------
| time/              |          |
|    episodes        | 484      |
|    fps             | 83       |
|    time_elapsed    | 5816     |
|    total_timesteps | 484000   |
| train/             |          |
|    actor_loss      | -151     |
|    critic_loss     | 1.16     |
|    ent_coef        | 0.0504   |
|    ent_coef_loss   | 0.514    |
|    learning_rate   | 0.0003   |
|    n_updates       | 483899   |
---------------------------------
---------------------------------
| time/              |          |
|    episodes        | 488      |
|    fps             | 83       |
|    time_elapsed    | 5846     |
|    total_timesteps | 488000   |
| train/             |          |
|    actor_loss      | -152     |
|    critic_loss     | 0.938    |
|    ent_coef        | 0.051    |
|    ent_coef_loss   | 0.684    |
|    learning_rate   | 0.0003   |
|    n_updates       | 487899   |
---------------------------------
---------------------------------
| time/              |          |
|    episodes        | 492      |
|    fps             | 83       |
|    time_elapsed    | 5868     |
|    total_timesteps | 492000   |
| train/             |          |
|    actor_loss      | -153     |
|    critic_loss     | 0.735    |
|    ent_coef        | 0.0505   |
|    ent_coef_loss   | -0.392   |
|    learning_rate   | 0.0003   |
|    n_updates       | 491899   |
---------------------------------
---------------------------------
| time/              |          |
|    episodes        | 496      |
|    fps             | 84       |
|    time_elapsed    | 5888     |
|    total_timesteps | 496000   |
| train/             |          |
|    actor_loss      | -152     |
|    critic_loss     | 1.09     |
|    ent_coef        | 0.0493   |
|    ent_coef_loss   | 0.148    |
|    learning_rate   | 0.0003   |
|    n_updates       | 495899   |
---------------------------------
---------------------------------
| time/              |          |
|    episodes        | 500      |
|    fps             | 84       |
|    time_elapsed    | 5910     |
|    total_timesteps | 500000   |
| train/             |          |
|    actor_loss      | -152     |
|    critic_loss     | 1.11     |
|    ent_coef        | 0.0513   |
|    ent_coef_loss   | 0.593    |
|    learning_rate   | 0.0003   |
|    n_updates       | 499899   |
---------------------------------
/home/zhushaoq/.conda/envs/SB_FVRL/lib/python3.7/site-packages/glfw/__init__.py:916: GLFWError: (65544) b'X11: The DISPLAY environment variable is missing'
  warnings.warn(message, GLFWError)
/home/zhushaoq/.conda/envs/SB_FVRL/lib/python3.7/site-packages/torch/utils/tensorboard/__init__.py:5: DeprecationWarning: distutils Version classes are deprecated. Use packaging.version instead.
  tensorboard.__version__
/home/zhushaoq/.conda/envs/SB_FVRL/lib/python3.7/site-packages/torch/utils/tensorboard/__init__.py:6: DeprecationWarning: distutils Version classes are deprecated. Use packaging.version instead.
  ) < LooseVersion("1.15"):
/home/zhushaoq/.conda/envs/SB_FVRL/lib/python3.7/site-packages/gymnasium/envs/registration.py:524: DeprecationWarning: [33mWARN: The environment HalfCheetah-v3 is out of date. You should consider upgrading to version `v4`.[0m
  f"The environment {env_name} is out of date. You should consider "
/home/zhushaoq/.conda/envs/SB_FVRL/lib/python3.7/site-packages/gymnasium/envs/mujoco/mujoco_env.py:186: DeprecationWarning: [33mWARN: This version of the mujoco environments depends on the mujoco-py bindings, which are no longer maintained and may stop working. Please upgrade to the v4 versions of the environments (which depend on the mujoco python bindings instead), unless you are trying to precisely replicate previous works).[0m
  "This version of the mujoco environments depends "
/home/zhushaoq/SB_FVRL/utils/algorithmwrappers.py:1564: UserWarning: Using a target size (torch.Size([256, 256])) that is different to the input size (torch.Size([256, 1])). This will likely lead to incorrect results due to broadcasting. Please ensure they have the same size.
  critic_loss = 0.5 * sum(F.mse_loss(current_q, target_q_values) for current_q in current_q_values)
